#
# There is insufficient memory for the Java Runtime Environment to continue.
# Native memory allocation (malloc) failed to allocate 33554448 bytes for Chunk::new
# Possible reasons:
#   The system is out of physical RAM or swap space
#   In 32 bit mode, the process size limit was hit
# Possible solutions:
#   Reduce memory load on the system
#   Increase physical memory or swap space
#   Check if swap backing store is full
#   Use 64 bit Java on a 64 bit OS
#   Decrease Java heap size (-Xmx/-Xms)
#   Decrease number of Java threads
#   Decrease Java thread stack sizes (-Xss)
#   Set larger code cache with -XX:ReservedCodeCacheSize=
# This output file may be truncated or incomplete.
#
#  Out of Memory Error (allocation.cpp:388), pid=7464, tid=3780
#
# JRE version: Java(TM) SE Runtime Environment (8.0_05-b13) (build 1.8.0_05-b13)
# Java VM: Java HotSpot(TM) 64-Bit Server VM (25.5-b02 mixed mode windows-amd64 compressed oops)
# Failed to write core dump. Minidumps are not enabled by default on client versions of Windows
#

---------------  T H R E A D  ---------------

Current thread (0x0000000014e3d000):  JavaThread "C2 CompilerThread1" daemon [_thread_in_native, id=3780, stack(0x0000000016450000,0x0000000016550000)]

Stack: [0x0000000016450000,0x0000000016550000]
Native frames: (J=compiled Java code, j=interpreted, Vv=VM code, C=native code)
V  [jvm.dll+0x308dea]


Current CompileTask:
C2:  13394 1926   !   4       com.android.dx.cf.code.Ropper::processBlock (1101 bytes)


---------------  P R O C E S S  ---------------

Java Threads: ( => current thread )
  0x0000000014e4a000 JavaThread "Service Thread" daemon [_thread_blocked, id=8292, stack(0x0000000016650000,0x0000000016750000)]
  0x0000000014e43800 JavaThread "C1 CompilerThread2" daemon [_thread_blocked, id=8072, stack(0x0000000016550000,0x0000000016650000)]
=>0x0000000014e3d000 JavaThread "C2 CompilerThread1" daemon [_thread_in_native, id=3780, stack(0x0000000016450000,0x0000000016550000)]
  0x0000000014dec000 JavaThread "C2 CompilerThread0" daemon [_thread_blocked, id=100, stack(0x0000000016350000,0x0000000016450000)]
  0x0000000014dea800 JavaThread "Attach Listener" daemon [_thread_blocked, id=7440, stack(0x0000000016250000,0x0000000016350000)]
  0x00000000026e4800 JavaThread "Finalizer" daemon [_thread_blocked, id=8692, stack(0x0000000016040000,0x0000000016140000)]
  0x00000000026d8800 JavaThread "Reference Handler" daemon [_thread_blocked, id=8928, stack(0x0000000015f40000,0x0000000016040000)]

Other Threads:
  0x0000000014db5800 VMThread [stack: 0x0000000015e40000,0x0000000015f40000] [id=3224]

VM state:at safepoint (normal execution)

VM Mutex/Monitor currently owned by a thread:  ([mutex/lock_event])
[0x00000000024bc4d0] Threads_lock - owner thread: 0x0000000014db5800
[0x00000000024bc8d0] Heap_lock - owner thread: 0x00000000025f0800

Heap:
 PSYoungGen      total 103424K, used 15304K [0x00000000eab00000, 0x00000000f1e80000, 0x0000000100000000)
  eden space 90112K, 7% used [0x00000000eab00000,0x00000000eb1a9b80,0x00000000f0300000)
  from space 13312K, 63% used [0x00000000f1080000,0x00000000f18c86a8,0x00000000f1d80000)
  to   space 13824K, 0% used [0x00000000f0300000,0x00000000f0300000,0x00000000f1080000)
 ParOldGen       total 129536K, used 40606K [0x00000000c0000000, 0x00000000c7e80000, 0x00000000eab00000)
  object space 129536K, 31% used [0x00000000c0000000,0x00000000c27a7aa8,0x00000000c7e80000)
 Metaspace       used 7085K, capacity 7640K, committed 7936K, reserved 1056768K
  class space    used 692K, capacity 720K, committed 768K, reserved 1048576K

Card table byte_map: [0x0000000011ac0000,0x0000000011cd0000] byte_map_base: 0x00000000114c0000

Marking Bits: (ParMarkBitMap*) 0x0000000077ad13b0
 Begin Bits: [0x0000000012230000, 0x0000000013230000)
 End Bits:   [0x0000000013230000, 0x0000000014230000)

Polling page: 0x00000000024c0000

CodeCache: size=245760Kb used=10156Kb max_used=10176Kb free=235603Kb
 bounds [0x0000000002700000, 0x0000000003100000, 0x0000000011700000]
 total_blobs=2878 nmethods=2603 adapters=189
 compilation: enabled

Compilation events (10 events):
Event: 6.874 Thread 0x0000000014e43800 nmethod 2621 0x00000000030d4f90 code [0x00000000030d5100, 0x00000000030d5288]
Event: 6.874 Thread 0x0000000014e43800 2623       3       java.util.zip.Deflater::needsInput (13 bytes)
Event: 6.874 Thread 0x0000000014e43800 nmethod 2623 0x00000000030e3750 code [0x00000000030e38a0, 0x00000000030e3a50]
Event: 6.875 Thread 0x0000000014dec000 nmethod 1478 0x00000000030eb910 code [0x00000000030ebe80, 0x00000000030efd00]
Event: 6.876 Thread 0x0000000014dec000 2287       4       com.android.dx.dex.code.BlockAddresses::getEnd (10 bytes)
Event: 6.876 Thread 0x0000000014dec000 nmethod 2287 0x00000000030e3490 code [0x00000000030e35c0, 0x00000000030e3658]
Event: 6.938 Thread 0x0000000014e43800 2624       3       java.util.zip.DeflaterOutputStream::deflate (36 bytes)
Event: 6.939 Thread 0x0000000014e43800 nmethod 2624 0x00000000030e4ed0 code [0x00000000030e5060, 0x00000000030e5398]
Event: 6.951 Thread 0x0000000014e43800 2626   !   3       java.util.zip.Deflater::deflate (140 bytes)
Event: 6.951 Thread 0x0000000014e43800 nmethod 2626 0x00000000030e4110 code [0x00000000030e42e0, 0x00000000030e4aa8]

GC Heap History (10 events):
Event: 3.616 GC heap before
{Heap before GC invocations=16 (full 0):
 PSYoungGen      total 33280K, used 33264K [0x00000000eab00000, 0x00000000ee500000, 0x0000000100000000)
  eden space 29184K, 100% used [0x00000000eab00000,0x00000000ec780000,0x00000000ec780000)
  from space 4096K, 99% used [0x00000000ec780000,0x00000000ecb7c1c0,0x00000000ecb80000)
  to   space 6144K, 0% used [0x00000000edf00000,0x00000000edf00000,0x00000000ee500000)
 ParOldGen       total 129536K, used 14328K [0x00000000c0000000, 0x00000000c7e80000, 0x00000000eab00000)
  object space 129536K, 11% used [0x00000000c0000000,0x00000000c0dfe330,0x00000000c7e80000)
 Metaspace       used 5992K, capacity 6960K, committed 7040K, reserved 1056768K
  class space    used 594K, capacity 616K, committed 640K, reserved 1048576K
Event: 3.631 GC heap after
Heap after GC invocations=16 (full 0):
 PSYoungGen      total 52736K, used 4736K [0x00000000eab00000, 0x00000000ee600000, 0x0000000100000000)
  eden space 46592K, 0% used [0x00000000eab00000,0x00000000eab00000,0x00000000ed880000)
  from space 6144K, 77% used [0x00000000edf00000,0x00000000ee3a0000,0x00000000ee500000)
  to   space 6656K, 0% used [0x00000000ed880000,0x00000000ed880000,0x00000000edf00000)
 ParOldGen       total 129536K, used 18166K [0x00000000c0000000, 0x00000000c7e80000, 0x00000000eab00000)
  object space 129536K, 14% used [0x00000000c0000000,0x00000000c11bda08,0x00000000c7e80000)
 Metaspace       used 5992K, capacity 6960K, committed 7040K, reserved 1056768K
  class space    used 594K, capacity 616K, committed 640K, reserved 1048576K
}
Event: 3.823 GC heap before
{Heap before GC invocations=17 (full 0):
 PSYoungGen      total 52736K, used 51328K [0x00000000eab00000, 0x00000000ee600000, 0x0000000100000000)
  eden space 46592K, 100% used [0x00000000eab00000,0x00000000ed880000,0x00000000ed880000)
  from space 6144K, 77% used [0x00000000edf00000,0x00000000ee3a0000,0x00000000ee500000)
  to   space 6656K, 0% used [0x00000000ed880000,0x00000000ed880000,0x00000000edf00000)
 ParOldGen       total 129536K, used 18166K [0x00000000c0000000, 0x00000000c7e80000, 0x00000000eab00000)
  object space 129536K, 14% used [0x00000000c0000000,0x00000000c11bda08,0x00000000c7e80000)
 Metaspace       used 6001K, capacity 6960K, committed 7040K, reserved 1056768K
  class space    used 594K, capacity 616K, committed 640K, reserved 1048576K
Event: 3.839 GC heap after
Heap after GC invocations=17 (full 0):
 PSYoungGen      total 53248K, used 6632K [0x00000000eab00000, 0x00000000efa00000, 0x0000000100000000)
  eden space 46592K, 0% used [0x00000000eab00000,0x00000000eab00000,0x00000000ed880000)
  from space 6656K, 99% used [0x00000000ed880000,0x00000000edefa0d0,0x00000000edf00000)
  to   space 7680K, 0% used [0x00000000ef280000,0x00000000ef280000,0x00000000efa00000)
 ParOldGen       total 129536K, used 22513K [0x00000000c0000000, 0x00000000c7e80000, 0x00000000eab00000)
  object space 129536K, 17% used [0x00000000c0000000,0x00000000c15fc4c0,0x00000000c7e80000)
 Metaspace       used 6001K, capacity 6960K, committed 7040K, reserved 1056768K
  class space    used 594K, capacity 616K, committed 640K, reserved 1048576K
}
Event: 4.066 GC heap before
{Heap before GC invocations=18 (full 0):
 PSYoungGen      total 53248K, used 53224K [0x00000000eab00000, 0x00000000efa00000, 0x0000000100000000)
  eden space 46592K, 100% used [0x00000000eab00000,0x00000000ed880000,0x00000000ed880000)
  from space 6656K, 99% used [0x00000000ed880000,0x00000000edefa0d0,0x00000000edf00000)
  to   space 7680K, 0% used [0x00000000ef280000,0x00000000ef280000,0x00000000efa00000)
 ParOldGen       total 129536K, used 22513K [0x00000000c0000000, 0x00000000c7e80000, 0x00000000eab00000)
  object space 129536K, 17% used [0x00000000c0000000,0x00000000c15fc4c0,0x00000000c7e80000)
 Metaspace       used 6141K, capacity 7064K, committed 7424K, reserved 1056768K
  class space    used 614K, capacity 656K, committed 768K, reserved 1048576K
Event: 4.113 GC heap after
Heap after GC invocations=18 (full 0):
 PSYoungGen      total 72192K, used 6976K [0x00000000eab00000, 0x00000000efc00000, 0x0000000100000000)
  eden space 64512K, 0% used [0x00000000eab00000,0x00000000eab00000,0x00000000eea00000)
  from space 7680K, 90% used [0x00000000ef280000,0x00000000ef950010,0x00000000efa00000)
  to   space 8704K, 0% used [0x00000000eea00000,0x00000000eea00000,0x00000000ef280000)
 ParOldGen       total 129536K, used 28735K [0x00000000c0000000, 0x00000000c7e80000, 0x00000000eab00000)
  object space 129536K, 22% used [0x00000000c0000000,0x00000000c1c0ffd0,0x00000000c7e80000)
 Metaspace       used 6141K, capacity 7064K, committed 7424K, reserved 1056768K
  class space    used 614K, capacity 656K, committed 768K, reserved 1048576K
}
Event: 4.329 GC heap before
{Heap before GC invocations=19 (full 0):
 PSYoungGen      total 72192K, used 71488K [0x00000000eab00000, 0x00000000efc00000, 0x0000000100000000)
  eden space 64512K, 100% used [0x00000000eab00000,0x00000000eea00000,0x00000000eea00000)
  from space 7680K, 90% used [0x00000000ef280000,0x00000000ef950010,0x00000000efa00000)
  to   space 8704K, 0% used [0x00000000eea00000,0x00000000eea00000,0x00000000ef280000)
 ParOldGen       total 129536K, used 28735K [0x00000000c0000000, 0x00000000c7e80000, 0x00000000eab00000)
  object space 129536K, 22% used [0x00000000c0000000,0x00000000c1c0ffd0,0x00000000c7e80000)
 Metaspace       used 6161K, capacity 7064K, committed 7424K, reserved 1056768K
  class space    used 614K, capacity 656K, committed 768K, reserved 1048576K
Event: 4.392 GC heap after
Heap after GC invocations=19 (full 0):
 PSYoungGen      total 73216K, used 8683K [0x00000000eab00000, 0x00000000f1d80000, 0x0000000100000000)
  eden space 64512K, 0% used [0x00000000eab00000,0x00000000eab00000,0x00000000eea00000)
  from space 8704K, 99% used [0x00000000eea00000,0x00000000ef27af48,0x00000000ef280000)
  to   space 13312K, 0% used [0x00000000f1080000,0x00000000f1080000,0x00000000f1d80000)
 ParOldGen       total 129536K, used 37041K [0x00000000c0000000, 0x00000000c7e80000, 0x00000000eab00000)
  object space 129536K, 28% used [0x00000000c0000000,0x00000000c242c558,0x00000000c7e80000)
 Metaspace       used 6161K, capacity 7064K, committed 7424K, reserved 1056768K
  class space    used 614K, capacity 656K, committed 768K, reserved 1048576K
}
Event: 5.758 GC heap before
{Heap before GC invocations=20 (full 0):
 PSYoungGen      total 73216K, used 73195K [0x00000000eab00000, 0x00000000f1d80000, 0x0000000100000000)
  eden space 64512K, 100% used [0x00000000eab00000,0x00000000eea00000,0x00000000eea00000)
  from space 8704K, 99% used [0x00000000eea00000,0x00000000ef27af48,0x00000000ef280000)
  to   space 13312K, 0% used [0x00000000f1080000,0x00000000f1080000,0x00000000f1d80000)
 ParOldGen       total 129536K, used 37041K [0x00000000c0000000, 0x00000000c7e80000, 0x00000000eab00000)
  object space 129536K, 28% used [0x00000000c0000000,0x00000000c242c558,0x00000000c7e80000)
 Metaspace       used 6502K, capacity 7352K, committed 7680K, reserved 1056768K
  class space    used 634K, capacity 688K, committed 768K, reserved 1048576K
Event: 5.791 GC heap after
Heap after GC invocations=20 (full 0):
 PSYoungGen      total 103424K, used 8481K [0x00000000eab00000, 0x00000000f1e80000, 0x0000000100000000)
  eden space 90112K, 0% used [0x00000000eab00000,0x00000000eab00000,0x00000000f0300000)
  from space 13312K, 63% used [0x00000000f1080000,0x00000000f18c86a8,0x00000000f1d80000)
  to   space 13824K, 0% used [0x00000000f0300000,0x00000000f0300000,0x00000000f1080000)
 ParOldGen       total 129536K, used 40606K [0x00000000c0000000, 0x00000000c7e80000, 0x00000000eab00000)
  object space 129536K, 31% used [0x00000000c0000000,0x00000000c27a7aa8,0x00000000c7e80000)
 Metaspace       used 6502K, capacity 7352K, committed 7680K, reserved 1056768K
  class space    used 634K, capacity 688K, committed 768K, reserved 1048576K
}

Deoptimization events (10 events):
Event: 4.631 Thread 0x00000000025f0800 Uncommon trap: reason=class_check action=maybe_recompile pc=0x0000000002c235e0 method=java.util.Arrays.hashCode([Ljava/lang/Object;)I @ 43
Event: 4.631 Thread 0x00000000025f0800 Uncommon trap: reason=class_check action=maybe_recompile pc=0x0000000002c235e0 method=java.util.Arrays.hashCode([Ljava/lang/Object;)I @ 43
Event: 4.631 Thread 0x00000000025f0800 Uncommon trap: reason=class_check action=maybe_recompile pc=0x0000000002c13880 method=java.util.Arrays.hashCode([Ljava/lang/Object;)I @ 43
Event: 4.696 Thread 0x00000000025f0800 Uncommon trap: reason=bimorphic action=maybe_recompile pc=0x0000000002bec9f4 method=java.util.HashMap.putVal(ILjava/lang/Object;Ljava/lang/Object;ZZ)Ljava/lang/Object; @ 203
Event: 4.897 Thread 0x00000000025f0800 Uncommon trap: reason=unreached action=reinterpret pc=0x0000000002ef19e0 method=java.util.HashMap.putVal(ILjava/lang/Object;Ljava/lang/Object;ZZ)Ljava/lang/Object; @ 109
Event: 5.164 Thread 0x00000000025f0800 Uncommon trap: reason=class_check action=maybe_recompile pc=0x00000000029edd5c method=java.util.Arrays.equals([Ljava/lang/Object;[Ljava/lang/Object;)Z @ 62
Event: 5.164 Thread 0x00000000025f0800 Uncommon trap: reason=class_check action=maybe_recompile pc=0x00000000029edd5c method=java.util.Arrays.equals([Ljava/lang/Object;[Ljava/lang/Object;)Z @ 62
Event: 5.164 Thread 0x00000000025f0800 Uncommon trap: reason=class_check action=maybe_recompile pc=0x00000000029edd5c method=java.util.Arrays.equals([Ljava/lang/Object;[Ljava/lang/Object;)Z @ 62
Event: 5.164 Thread 0x00000000025f0800 Uncommon trap: reason=class_check action=maybe_recompile pc=0x00000000029edd5c method=java.util.Arrays.equals([Ljava/lang/Object;[Ljava/lang/Object;)Z @ 62
Event: 6.600 Thread 0x00000000025f0800 Uncommon trap: reason=unreached action=reinterpret pc=0x0000000002a50d9c method=java.util.Arrays.copyOf([Ljava/lang/Object;ILjava/lang/Class;)[Ljava/lang/Object; @ 3

Internal exceptions (10 events):
Event: 6.675 Thread 0x00000000025f0800 Exception <a 'java/security/PrivilegedActionException'> (0x00000000eafd19f0) thrown at [D:\re\workspace\8-2-build-windows-amd64-cygwin\jdk8u5\2488\hotspot\src\share\vm\prims\jvm.cpp, line 1248]
Event: 6.676 Thread 0x00000000025f0800 Exception <a 'java/security/PrivilegedActionException'> (0x00000000eafd6578) thrown at [D:\re\workspace\8-2-build-windows-amd64-cygwin\jdk8u5\2488\hotspot\src\share\vm\prims\jvm.cpp, line 1248]
Event: 6.676 Thread 0x00000000025f0800 Exception <a 'java/security/PrivilegedActionException'> (0x00000000eafd8518) thrown at [D:\re\workspace\8-2-build-windows-amd64-cygwin\jdk8u5\2488\hotspot\src\share\vm\prims\jvm.cpp, line 1248]
Event: 6.677 Thread 0x00000000025f0800 Exception <a 'java/security/PrivilegedActionException'> (0x00000000eafda948) thrown at [D:\re\workspace\8-2-build-windows-amd64-cygwin\jdk8u5\2488\hotspot\src\share\vm\prims\jvm.cpp, line 1248]
Event: 6.681 Thread 0x00000000025f0800 Exception <a 'java/security/PrivilegedActionException'> (0x00000000eafdc8f8) thrown at [D:\re\workspace\8-2-build-windows-amd64-cygwin\jdk8u5\2488\hotspot\src\share\vm\prims\jvm.cpp, line 1248]
Event: 6.682 Thread 0x00000000025f0800 Exception <a 'java/security/PrivilegedActionException'> (0x00000000eafdff70) thrown at [D:\re\workspace\8-2-build-windows-amd64-cygwin\jdk8u5\2488\hotspot\src\share\vm\prims\jvm.cpp, line 1248]
Event: 6.682 Thread 0x00000000025f0800 Exception <a 'java/security/PrivilegedActionException'> (0x00000000eafe2fe0) thrown at [D:\re\workspace\8-2-build-windows-amd64-cygwin\jdk8u5\2488\hotspot\src\share\vm\prims\jvm.cpp, line 1248]
Event: 6.682 Thread 0x00000000025f0800 Exception <a 'java/security/PrivilegedActionException'> (0x00000000eafe6460) thrown at [D:\re\workspace\8-2-build-windows-amd64-cygwin\jdk8u5\2488\hotspot\src\share\vm\prims\jvm.cpp, line 1248]
Event: 6.683 Thread 0x00000000025f0800 Exception <a 'java/security/PrivilegedActionException'> (0x00000000eafe98a0) thrown at [D:\re\workspace\8-2-build-windows-amd64-cygwin\jdk8u5\2488\hotspot\src\share\vm\prims\jvm.cpp, line 1248]
Event: 6.683 Thread 0x00000000025f0800 Exception <a 'java/security/PrivilegedActionException'> (0x00000000eafecd28) thrown at [D:\re\workspace\8-2-build-windows-amd64-cygwin\jdk8u5\2488\hotspot\src\share\vm\prims\jvm.cpp, line 1248]

Events (10 events):
Event: 6.953 loading class java/io/FileOutputStream$1
Event: 6.953 loading class java/io/FileOutputStream$1 done
Event: 6.966 Thread 0x00000000025f0800 Thread exited: 0x00000000025f0800
Event: 6.966 Thread 0x00000000025f0800 Thread added: 0x00000000025f0800
Event: 6.966 loading class java/lang/Shutdown
Event: 6.967 loading class java/lang/Shutdown done
Event: 6.967 loading class java/lang/Shutdown$Lock
Event: 6.967 loading class java/lang/Shutdown$Lock done
Event: 6.967 Thread 0x0000000014de8800 Thread exited: 0x0000000014de8800
Event: 6.967 Thread 0x00000000025f0800 Thread exited: 0x00000000025f0800


Dynamic libraries:
0x00007ff77d940000 - 0x00007ff77d974000 	C:\Program Files\Java\jdk1.8.0_05\bin\java.exe
0x00007ff942cd0000 - 0x00007ff942e7a000 	C:\Windows\SYSTEM32\ntdll.dll
0x00007ff940b20000 - 0x00007ff940c5a000 	C:\Windows\system32\KERNEL32.DLL
0x00007ff940440000 - 0x00007ff940550000 	C:\Windows\system32\KERNELBASE.dll
0x00007ff93e9a0000 - 0x00007ff93ea28000 	C:\Windows\system32\apphelp.dll
0x00007ff931330000 - 0x00007ff93137f000 	C:\Windows\AppPatch\AppPatch64\AcGenral.DLL
0x00007ff9428d0000 - 0x00007ff942977000 	C:\Windows\system32\msvcrt.dll
0x00007ff93fe80000 - 0x00007ff93feab000 	C:\Windows\SYSTEM32\SspiCli.dll
0x00007ff941290000 - 0x00007ff9412e1000 	C:\Windows\system32\SHLWAPI.dll
0x00007ff940ec0000 - 0x00007ff941031000 	C:\Windows\system32\USER32.dll
0x00007ff940c60000 - 0x00007ff940dd8000 	C:\Windows\system32\ole32.dll
0x00007ff941360000 - 0x00007ff942777000 	C:\Windows\system32\SHELL32.dll
0x00007ff93f650000 - 0x00007ff93f66f000 	C:\Windows\SYSTEM32\USERENV.dll
0x00007ff940550000 - 0x00007ff9405f5000 	C:\Windows\system32\ADVAPI32.dll
0x00007ff9387e0000 - 0x00007ff9387fb000 	C:\Windows\SYSTEM32\MPR.dll
0x00007ff940840000 - 0x00007ff940976000 	C:\Windows\system32\RPCRT4.dll
0x00007ff942c70000 - 0x00007ff942cc7000 	C:\Windows\SYSTEM32\sechost.dll
0x00007ff9429e0000 - 0x00007ff942bb6000 	C:\Windows\SYSTEM32\combase.dll
0x00007ff9406a0000 - 0x00007ff9407e5000 	C:\Windows\system32\GDI32.dll
0x00007ff940040000 - 0x00007ff940054000 	C:\Windows\SYSTEM32\profapi.dll
0x00007ff93e900000 - 0x00007ff93e99f000 	C:\Windows\SYSTEM32\SHCORE.dll
0x00007ff940800000 - 0x00007ff940834000 	C:\Windows\system32\IMM32.DLL
0x00007ff942780000 - 0x00007ff9428b9000 	C:\Windows\system32\MSCTF.dll
0x00000000510e0000 - 0x0000000051169000 	C:\Windows\System32\SYSFER.DLL
0x00007ff93e090000 - 0x00007ff93e2ea000 	C:\Windows\WinSxS\amd64_microsoft.windows.common-controls_6595b64144ccf1df_6.0.9600.17031_none_6242a4b3ecbb55a1\COMCTL32.dll
0x0000000076e10000 - 0x0000000076ee2000 	C:\Program Files\Java\jdk1.8.0_05\jre\bin\msvcr100.dll
0x0000000077320000 - 0x0000000077b4a000 	C:\Program Files\Java\jdk1.8.0_05\jre\bin\server\jvm.dll
0x00007ff929de0000 - 0x00007ff929de9000 	C:\Windows\SYSTEM32\WSOCK32.dll
0x00007ff93c810000 - 0x00007ff93c82f000 	C:\Windows\SYSTEM32\WINMM.dll
0x00007ff941350000 - 0x00007ff941357000 	C:\Windows\system32\PSAPI.DLL
0x00007ff942980000 - 0x00007ff9429d8000 	C:\Windows\system32\WS2_32.dll
0x00007ff93c7d0000 - 0x00007ff93c7fa000 	C:\Windows\SYSTEM32\WINMMBASE.dll
0x00007ff941280000 - 0x00007ff941289000 	C:\Windows\system32\NSI.dll
0x00007ff940110000 - 0x00007ff94015a000 	C:\Windows\SYSTEM32\cfgmgr32.dll
0x00007ff93eed0000 - 0x00007ff93eef6000 	C:\Windows\SYSTEM32\DEVOBJ.dll
0x00000000500d0000 - 0x00000000500df000 	C:\Program Files\Java\jdk1.8.0_05\jre\bin\verify.dll
0x00000000500a0000 - 0x00000000500c8000 	C:\Program Files\Java\jdk1.8.0_05\jre\bin\java.dll
0x0000000050020000 - 0x0000000050036000 	C:\Program Files\Java\jdk1.8.0_05\jre\bin\zip.dll
0x00007ff928e60000 - 0x00007ff928fe8000 	C:\Windows\SYSTEM32\dbghelp.dll

VM Arguments:
jvm_args: -Djava.awt.headless=true -Xmx1024M -Dfile.encoding=windows-1252 -Duser.country=US -Duser.language=en -Duser.variant 
java_command: com.android.dx.command.Main --dex --force-jumbo --num-threads=4 --output C:\Users\r.desouki\Fieldium\app\build\intermediates\pre-dexed\debug\com.android.support-appcompat-v7-25.0.1_2c6fa788d74482348a79bd4bfc537bc937cc6219.jar C:\Users\r.desouki\Fieldium\app\build\intermediates\exploded-aar\com.android.support\appcompat-v7\25.0.1\jars\classes.jar
java_class_path (initial): C:\Users\r.desouki\AppData\Local\Android\sdk\build-tools\23.0.3\lib\dx.jar
Launcher Type: SUN_STANDARD

Environment Variables:
JAVA_HOME=C:\Program Files\Java\jdk1.8.0_05
PATH=C:\ProgramData\Oracle\Java\javapath;C:\Program Files (x86)\NVIDIA Corporation\PhysX\Common;C:\Windows\system32;C:\Windows;C:\Windows\System32\Wbem;C:\Windows\System32\WindowsPowerShell\v1.0\;C:\Program Files (x86)\Skype\Phone\;C:\Program Files (x86)\Common Files\Acronis\SnapAPI\;C:\Program Files (x86)\Microsoft SQL Server\100\Tools\Binn\;C:\Program Files\Microsoft SQL Server\100\Tools\Binn\;C:\Program Files\Microsoft SQL Server\100\DTS\Binn\;C:\Program Files (x86)\Microsoft SQL Server\100\Tools\Binn\VSShell\Common7\IDE\;C:\Program Files (x86)\Microsoft SQL Server\100\DTS\Binn\;C:\Program Files\nodejs\;C:\Program Files\OpenVPN\bin;C:\Program Files\Git\cmd;C:\wamp\bin\php\php5.5.12;C:\ProgramData\ComposerSetup\bin;D:\HashiCorp\Vagrant\bin;C:\Users\r.desouki\AppData\Roaming\npm
USERNAME=r.desouki
OS=Windows_NT
PROCESSOR_IDENTIFIER=Intel64 Family 6 Model 30 Stepping 5, GenuineIntel



---------------  S Y S T E M  ---------------

OS: Windows 8.1 , 64 bit Build 9600 

CPU:total 4 (4 cores per cpu, 1 threads per core) family 6 model 30 stepping 5, cmov, cx8, fxsr, mmx, sse, sse2, sse3, ssse3, sse4.1, sse4.2, popcnt, tsc, tscinvbit

Memory: 4k page, physical 8379632k(741800k free), swap 11525360k(2744k free)

vm_info: Java HotSpot(TM) 64-Bit Server VM (25.5-b02) for windows-amd64 JRE (1.8.0_05-b13), built on Mar 18 2014 01:08:39 by "java_re" with MS VC++ 10.0 (VS2010)

time: Sun Feb 19 15:13:40 2017
elapsed time: 13 seconds

