#
# There is insufficient memory for the Java Runtime Environment to continue.
# Native memory allocation (malloc) failed to allocate 460256 bytes for Chunk::new
# Possible reasons:
#   The system is out of physical RAM or swap space
#   In 32 bit mode, the process size limit was hit
# Possible solutions:
#   Reduce memory load on the system
#   Increase physical memory or swap space
#   Check if swap backing store is full
#   Use 64 bit Java on a 64 bit OS
#   Decrease Java heap size (-Xmx/-Xms)
#   Decrease number of Java threads
#   Decrease Java thread stack sizes (-Xss)
#   Set larger code cache with -XX:ReservedCodeCacheSize=
# This output file may be truncated or incomplete.
#
#  Out of Memory Error (allocation.cpp:388), pid=8900, tid=7588
#
# JRE version: Java(TM) SE Runtime Environment (8.0_05-b13) (build 1.8.0_05-b13)
# Java VM: Java HotSpot(TM) 64-Bit Server VM (25.5-b02 mixed mode windows-amd64 compressed oops)
# Failed to write core dump. Minidumps are not enabled by default on client versions of Windows
#

---------------  T H R E A D  ---------------

Current thread (0x000000001552b800):  JavaThread "C2 CompilerThread0" daemon [_thread_in_native, id=7588, stack(0x0000000016ab0000,0x0000000016bb0000)]

Stack: [0x0000000016ab0000,0x0000000016bb0000]
Native frames: (J=compiled Java code, j=interpreted, Vv=VM code, C=native code)
V  [jvm.dll+0x308dea]


Current CompileTask:
C2:   7300 1726       4       com.android.dx.ssa.SsaMethod::forEachBlockDepthFirst (194 bytes)


---------------  P R O C E S S  ---------------

Java Threads: ( => current thread )
  0x000000001558a000 JavaThread "Service Thread" daemon [_thread_blocked, id=8912, stack(0x0000000016db0000,0x0000000016eb0000)]
  0x0000000015580000 JavaThread "C1 CompilerThread2" daemon [_thread_blocked, id=9356, stack(0x0000000016cb0000,0x0000000016db0000)]
  0x000000001557d000 JavaThread "C2 CompilerThread1" daemon [_thread_in_native, id=9300, stack(0x0000000016bb0000,0x0000000016cb0000)]
=>0x000000001552b800 JavaThread "C2 CompilerThread0" daemon [_thread_in_native, id=7588, stack(0x0000000016ab0000,0x0000000016bb0000)]
  0x000000001552a800 JavaThread "Attach Listener" daemon [_thread_blocked, id=8532, stack(0x00000000169b0000,0x0000000016ab0000)]
  0x0000000015528800 JavaThread "Signal Dispatcher" daemon [_thread_blocked, id=6036, stack(0x00000000168b0000,0x00000000169b0000)]
  0x0000000002e54800 JavaThread "Finalizer" daemon [_thread_blocked, id=7984, stack(0x00000000167b0000,0x00000000168b0000)]
  0x0000000002e48800 JavaThread "Reference Handler" daemon [_thread_blocked, id=9788, stack(0x00000000166b0000,0x00000000167b0000)]
  0x0000000002d60800 JavaThread "main" [_thread_in_Java, id=7876, stack(0x0000000002c50000,0x0000000002d50000)]

Other Threads:
  0x00000000154f5800 VMThread [stack: 0x00000000165b0000,0x00000000166b0000] [id=8964]
  0x000000001558d000 WatcherThread [stack: 0x0000000016eb0000,0x0000000016fb0000] [id=5884]

VM state:not at safepoint (normal execution)

VM Mutex/Monitor currently owned by a thread: None

Heap:
 PSYoungGen      total 22016K, used 15603K [0x00000000eab00000, 0x00000000ec380000, 0x0000000100000000)
  eden space 18944K, 66% used [0x00000000eab00000,0x00000000eb73cc90,0x00000000ebd80000)
  from space 3072K, 100% used [0x00000000ebd80000,0x00000000ec080000,0x00000000ec080000)
  to   space 3072K, 0% used [0x00000000ec080000,0x00000000ec080000,0x00000000ec380000)
 ParOldGen       total 129536K, used 8188K [0x00000000c0000000, 0x00000000c7e80000, 0x00000000eab00000)
  object space 129536K, 6% used [0x00000000c0000000,0x00000000c07ff108,0x00000000c7e80000)
 Metaspace       used 6036K, capacity 6960K, committed 7040K, reserved 1056768K
  class space    used 598K, capacity 616K, committed 640K, reserved 1048576K

Card table byte_map: [0x0000000012220000,0x0000000012430000] byte_map_base: 0x0000000011c20000

Marking Bits: (ParMarkBitMap*) 0x0000000077ad13b0
 Begin Bits: [0x0000000012990000, 0x0000000013990000)
 End Bits:   [0x0000000013990000, 0x0000000014990000)

Polling page: 0x0000000001270000

CodeCache: size=245760Kb used=7163Kb max_used=7163Kb free=238596Kb
 bounds [0x0000000002e60000, 0x0000000003570000, 0x0000000011e60000]
 total_blobs=2033 nmethods=1768 adapters=179
 compilation: enabled

Compilation events (10 events):
Event: 7.280 Thread 0x0000000015580000 nmethod 1770 0x0000000003552550 code [0x00000000035526c0, 0x0000000003552a88]
Event: 7.280 Thread 0x0000000015580000 1771       3       com.android.dx.dex.file.EncodedMethod::compareTo (12 bytes)
Event: 7.281 Thread 0x0000000015580000 nmethod 1771 0x0000000003551690 code [0x0000000003551860, 0x0000000003552168]
Event: 7.281 Thread 0x0000000015580000 1772       3       com.android.dx.dex.file.EncodedMethod::addContents (35 bytes)
Event: 7.281 Thread 0x0000000015580000 nmethod 1772 0x0000000003555bd0 code [0x0000000003555d40, 0x0000000003556178]
Event: 7.281 Thread 0x0000000015580000 1774       1       java.util.Arrays$LegacyMergeSort::access$000 (4 bytes)
Event: 7.281 Thread 0x0000000015580000 nmethod 1774 0x000000000350a310 code [0x000000000350a460, 0x000000000350a550]
Event: 7.281 Thread 0x0000000015580000 1773       3       com.android.dx.dex.file.ClassDataItem::getStaticValuesConstant (30 bytes)
Event: 7.281 Thread 0x0000000015580000 nmethod 1773 0x00000000035562d0 code [0x0000000003556440, 0x00000000035566a8]
Event: 7.281 Thread 0x0000000015580000 1776       3       java.util.ComparableTimSort::sort (219 bytes)

GC Heap History (10 events):
Event: 3.452 GC heap before
{Heap before GC invocations=9 (full 0):
 PSYoungGen      total 9216K, used 9210K [0x00000000eab00000, 0x00000000eb700000, 0x0000000100000000)
  eden space 7680K, 100% used [0x00000000eab00000,0x00000000eb280000,0x00000000eb280000)
  from space 1536K, 99% used [0x00000000eb480000,0x00000000eb5fea98,0x00000000eb600000)
  to   space 2048K, 0% used [0x00000000eb280000,0x00000000eb280000,0x00000000eb480000)
 ParOldGen       total 129536K, used 1360K [0x00000000c0000000, 0x00000000c7e80000, 0x00000000eab00000)
  object space 129536K, 1% used [0x00000000c0000000,0x00000000c0154368,0x00000000c7e80000)
 Metaspace       used 5677K, capacity 6704K, committed 6784K, reserved 1056768K
  class space    used 592K, capacity 616K, committed 640K, reserved 1048576K
Event: 3.583 GC heap after
Heap after GC invocations=9 (full 0):
 PSYoungGen      total 9728K, used 2016K [0x00000000eab00000, 0x00000000ebc00000, 0x0000000100000000)
  eden space 7680K, 0% used [0x00000000eab00000,0x00000000eab00000,0x00000000eb280000)
  from space 2048K, 98% used [0x00000000eb280000,0x00000000eb478018,0x00000000eb480000)
  to   space 2560K, 0% used [0x00000000eb980000,0x00000000eb980000,0x00000000ebc00000)
 ParOldGen       total 129536K, used 2003K [0x00000000c0000000, 0x00000000c7e80000, 0x00000000eab00000)
  object space 129536K, 1% used [0x00000000c0000000,0x00000000c01f4e70,0x00000000c7e80000)
 Metaspace       used 5677K, capacity 6704K, committed 6784K, reserved 1056768K
  class space    used 592K, capacity 616K, committed 640K, reserved 1048576K
}
Event: 3.675 GC heap before
{Heap before GC invocations=10 (full 0):
 PSYoungGen      total 9728K, used 9696K [0x00000000eab00000, 0x00000000ebc00000, 0x0000000100000000)
  eden space 7680K, 100% used [0x00000000eab00000,0x00000000eb280000,0x00000000eb280000)
  from space 2048K, 98% used [0x00000000eb280000,0x00000000eb478018,0x00000000eb480000)
  to   space 2560K, 0% used [0x00000000eb980000,0x00000000eb980000,0x00000000ebc00000)
 ParOldGen       total 129536K, used 2003K [0x00000000c0000000, 0x00000000c7e80000, 0x00000000eab00000)
  object space 129536K, 1% used [0x00000000c0000000,0x00000000c01f4e70,0x00000000c7e80000)
 Metaspace       used 5717K, capacity 6768K, committed 7040K, reserved 1056768K
  class space    used 592K, capacity 616K, committed 640K, reserved 1048576K
Event: 4.017 GC heap after
Heap after GC invocations=10 (full 0):
 PSYoungGen      total 14336K, used 2208K [0x00000000eab00000, 0x00000000ebd00000, 0x0000000100000000)
  eden space 11776K, 0% used [0x00000000eab00000,0x00000000eab00000,0x00000000eb680000)
  from space 2560K, 86% used [0x00000000eb980000,0x00000000ebba8010,0x00000000ebc00000)
  to   space 3072K, 0% used [0x00000000eb680000,0x00000000eb680000,0x00000000eb980000)
 ParOldGen       total 129536K, used 2813K [0x00000000c0000000, 0x00000000c7e80000, 0x00000000eab00000)
  object space 129536K, 2% used [0x00000000c0000000,0x00000000c02bf570,0x00000000c7e80000)
 Metaspace       used 5717K, capacity 6768K, committed 7040K, reserved 1056768K
  class space    used 592K, capacity 616K, committed 640K, reserved 1048576K
}
Event: 4.307 GC heap before
{Heap before GC invocations=11 (full 0):
 PSYoungGen      total 14336K, used 13984K [0x00000000eab00000, 0x00000000ebd00000, 0x0000000100000000)
  eden space 11776K, 100% used [0x00000000eab00000,0x00000000eb680000,0x00000000eb680000)
  from space 2560K, 86% used [0x00000000eb980000,0x00000000ebba8010,0x00000000ebc00000)
  to   space 3072K, 0% used [0x00000000eb680000,0x00000000eb680000,0x00000000eb980000)
 ParOldGen       total 129536K, used 2813K [0x00000000c0000000, 0x00000000c7e80000, 0x00000000eab00000)
  object space 129536K, 2% used [0x00000000c0000000,0x00000000c02bf570,0x00000000c7e80000)
 Metaspace       used 5821K, capacity 6832K, committed 7040K, reserved 1056768K
  class space    used 592K, capacity 616K, committed 640K, reserved 1048576K
Event: 4.739 GC heap after
Heap after GC invocations=11 (full 0):
 PSYoungGen      total 14848K, used 1696K [0x00000000eab00000, 0x00000000ec380000, 0x0000000100000000)
  eden space 11776K, 0% used [0x00000000eab00000,0x00000000eab00000,0x00000000eb680000)
  from space 3072K, 55% used [0x00000000eb680000,0x00000000eb828000,0x00000000eb980000)
  to   space 3072K, 0% used [0x00000000ec080000,0x00000000ec080000,0x00000000ec380000)
 ParOldGen       total 129536K, used 4840K [0x00000000c0000000, 0x00000000c7e80000, 0x00000000eab00000)
  object space 129536K, 3% used [0x00000000c0000000,0x00000000c04ba108,0x00000000c7e80000)
 Metaspace       used 5821K, capacity 6832K, committed 7040K, reserved 1056768K
  class space    used 592K, capacity 616K, committed 640K, reserved 1048576K
}
Event: 5.191 GC heap before
{Heap before GC invocations=12 (full 0):
 PSYoungGen      total 14848K, used 13472K [0x00000000eab00000, 0x00000000ec380000, 0x0000000100000000)
  eden space 11776K, 100% used [0x00000000eab00000,0x00000000eb680000,0x00000000eb680000)
  from space 3072K, 55% used [0x00000000eb680000,0x00000000eb828000,0x00000000eb980000)
  to   space 3072K, 0% used [0x00000000ec080000,0x00000000ec080000,0x00000000ec380000)
 ParOldGen       total 129536K, used 4840K [0x00000000c0000000, 0x00000000c7e80000, 0x00000000eab00000)
  object space 129536K, 3% used [0x00000000c0000000,0x00000000c04ba108,0x00000000c7e80000)
 Metaspace       used 5920K, capacity 6896K, committed 7040K, reserved 1056768K
  class space    used 593K, capacity 616K, committed 640K, reserved 1048576K
Event: 5.741 GC heap after
Heap after GC invocations=12 (full 0):
 PSYoungGen      total 22016K, used 1984K [0x00000000eab00000, 0x00000000ec380000, 0x0000000100000000)
  eden space 18944K, 0% used [0x00000000eab00000,0x00000000eab00000,0x00000000ebd80000)
  from space 3072K, 64% used [0x00000000ec080000,0x00000000ec270010,0x00000000ec380000)
  to   space 3072K, 0% used [0x00000000ebd80000,0x00000000ebd80000,0x00000000ec080000)
 ParOldGen       total 129536K, used 6363K [0x00000000c0000000, 0x00000000c7e80000, 0x00000000eab00000)
  object space 129536K, 4% used [0x00000000c0000000,0x00000000c0636fa0,0x00000000c7e80000)
 Metaspace       used 5920K, capacity 6896K, committed 7040K, reserved 1056768K
  class space    used 593K, capacity 616K, committed 640K, reserved 1048576K
}
Event: 6.689 GC heap before
{Heap before GC invocations=13 (full 0):
 PSYoungGen      total 22016K, used 20928K [0x00000000eab00000, 0x00000000ec380000, 0x0000000100000000)
  eden space 18944K, 100% used [0x00000000eab00000,0x00000000ebd80000,0x00000000ebd80000)
  from space 3072K, 64% used [0x00000000ec080000,0x00000000ec270010,0x00000000ec380000)
  to   space 3072K, 0% used [0x00000000ebd80000,0x00000000ebd80000,0x00000000ec080000)
 ParOldGen       total 129536K, used 6363K [0x00000000c0000000, 0x00000000c7e80000, 0x00000000eab00000)
  object space 129536K, 4% used [0x00000000c0000000,0x00000000c0636fa0,0x00000000c7e80000)
 Metaspace       used 5959K, capacity 6960K, committed 7040K, reserved 1056768K
  class space    used 593K, capacity 616K, committed 640K, reserved 1048576K
Event: 7.140 GC heap after
Heap after GC invocations=13 (full 0):
 PSYoungGen      total 22016K, used 3072K [0x00000000eab00000, 0x00000000ec380000, 0x0000000100000000)
  eden space 18944K, 0% used [0x00000000eab00000,0x00000000eab00000,0x00000000ebd80000)
  from space 3072K, 100% used [0x00000000ebd80000,0x00000000ec080000,0x00000000ec080000)
  to   space 3072K, 0% used [0x00000000ec080000,0x00000000ec080000,0x00000000ec380000)
 ParOldGen       total 129536K, used 8188K [0x00000000c0000000, 0x00000000c7e80000, 0x00000000eab00000)
  object space 129536K, 6% used [0x00000000c0000000,0x00000000c07ff108,0x00000000c7e80000)
 Metaspace       used 5959K, capacity 6960K, committed 7040K, reserved 1056768K
  class space    used 593K, capacity 616K, committed 640K, reserved 1048576K
}

Deoptimization events (10 events):
Event: 7.237 Thread 0x0000000017297000 Uncommon trap: reason=bimorphic action=maybe_recompile pc=0x000000000344cab4 method=com.android.dx.cf.code.BytecodeArray.parseInstruction(ILcom/android/dx/cf/code/BytecodeArray$Visitor;)I @ 939
Event: 7.238 Thread 0x0000000017297000 Uncommon trap: reason=bimorphic action=maybe_recompile pc=0x000000000344d178 method=com.android.dx.cf.code.BytecodeArray.parseInstruction(ILcom/android/dx/cf/code/BytecodeArray$Visitor;)I @ 1357
Event: 7.240 Thread 0x0000000017297000 Uncommon trap: reason=bimorphic action=maybe_recompile pc=0x000000000351b420 method=com.android.dx.ssa.SCCP.simulatePhi(Lcom/android/dx/ssa/PhiInsn;)V @ 124
Event: 7.240 Thread 0x0000000017297000 Uncommon trap: reason=bimorphic action=maybe_recompile pc=0x000000000351b420 method=com.android.dx.ssa.SCCP.simulatePhi(Lcom/android/dx/ssa/PhiInsn;)V @ 124
Event: 7.241 Thread 0x0000000017297000 Uncommon trap: reason=bimorphic action=maybe_recompile pc=0x000000000351b420 method=com.android.dx.ssa.SCCP.simulatePhi(Lcom/android/dx/ssa/PhiInsn;)V @ 124
Event: 7.272 Thread 0x0000000002d60800 Uncommon trap: reason=class_check action=maybe_recompile pc=0x00000000033be020 method=java.util.Arrays.hashCode([Ljava/lang/Object;)I @ 43
Event: 7.272 Thread 0x0000000002d60800 Uncommon trap: reason=class_check action=maybe_recompile pc=0x00000000033be020 method=java.util.Arrays.hashCode([Ljava/lang/Object;)I @ 43
Event: 7.272 Thread 0x0000000002d60800 Uncommon trap: reason=class_check action=maybe_recompile pc=0x00000000033be020 method=java.util.Arrays.hashCode([Ljava/lang/Object;)I @ 43
Event: 7.272 Thread 0x0000000002d60800 Uncommon trap: reason=class_check action=maybe_recompile pc=0x00000000033be020 method=java.util.Arrays.hashCode([Ljava/lang/Object;)I @ 43
Event: 7.272 Thread 0x0000000002d60800 Uncommon trap: reason=class_check action=maybe_recompile pc=0x00000000033c75c0 method=java.util.Arrays.hashCode([Ljava/lang/Object;)I @ 43

Internal exceptions (10 events):
Event: 3.229 Thread 0x0000000002d60800 Exception <a 'java/security/PrivilegedActionException'> (0x00000000ead34558) thrown at [D:\re\workspace\8-2-build-windows-amd64-cygwin\jdk8u5\2488\hotspot\src\share\vm\prims\jvm.cpp, line 1248]
Event: 3.276 Thread 0x0000000002d60800 Exception <a 'java/security/PrivilegedActionException'> (0x00000000eae02dd8) thrown at [D:\re\workspace\8-2-build-windows-amd64-cygwin\jdk8u5\2488\hotspot\src\share\vm\prims\jvm.cpp, line 1248]
Event: 3.285 Thread 0x0000000017297000 Exception <a 'java/security/PrivilegedActionException'> (0x00000000eae64238) thrown at [D:\re\workspace\8-2-build-windows-amd64-cygwin\jdk8u5\2488\hotspot\src\share\vm\prims\jvm.cpp, line 1248]
Event: 3.403 Thread 0x000000001729a800 Exception <a 'java/security/PrivilegedActionException'> (0x00000000eb13a8e0) thrown at [D:\re\workspace\8-2-build-windows-amd64-cygwin\jdk8u5\2488\hotspot\src\share\vm\prims\jvm.cpp, line 1248]
Event: 3.404 Thread 0x000000001729a800 Exception <a 'java/security/PrivilegedActionException'> (0x00000000eb140588) thrown at [D:\re\workspace\8-2-build-windows-amd64-cygwin\jdk8u5\2488\hotspot\src\share\vm\prims\jvm.cpp, line 1248]
Event: 3.405 Thread 0x000000001729a800 Exception <a 'java/security/PrivilegedActionException'> (0x00000000eb145dd8) thrown at [D:\re\workspace\8-2-build-windows-amd64-cygwin\jdk8u5\2488\hotspot\src\share\vm\prims\jvm.cpp, line 1248]
Event: 4.030 Thread 0x0000000017264000 Implicit null exception at 0x00000000031947f6 to 0x0000000003196735
Event: 4.030 Thread 0x0000000017264000 Implicit null exception at 0x000000000319c164 to 0x000000000319e3e9
Event: 4.788 Thread 0x000000001729a800 Exception <a 'java/security/PrivilegedActionException'> (0x00000000eab1e218) thrown at [D:\re\workspace\8-2-build-windows-amd64-cygwin\jdk8u5\2488\hotspot\src\share\vm\prims\jvm.cpp, line 1248]
Event: 4.911 Thread 0x0000000017297000 Exception <a 'java/security/PrivilegedActionException'> (0x00000000eb3702c0) thrown at [D:\re\workspace\8-2-build-windows-amd64-cygwin\jdk8u5\2488\hotspot\src\share\vm\prims\jvm.cpp, line 1248]

Events (10 events):
Event: 7.272 Thread 0x0000000002d60800 DEOPT UNPACKING pc=0x0000000002ea73ef sp=0x0000000002d4eb90 mode 2
Event: 7.272 Thread 0x0000000002d60800 Uncommon trap: trap_request=0xffffffde fr.pc=0x00000000033be020
Event: 7.272 Thread 0x0000000002d60800 DEOPT PACKING pc=0x00000000033be020 sp=0x0000000002d4eca0
Event: 7.272 Thread 0x0000000002d60800 DEOPT UNPACKING pc=0x0000000002ea73ef sp=0x0000000002d4ebd0 mode 2
Event: 7.272 Thread 0x0000000002d60800 Uncommon trap: trap_request=0xffffffde fr.pc=0x00000000033be020
Event: 7.272 Thread 0x0000000002d60800 DEOPT PACKING pc=0x00000000033be020 sp=0x0000000002d4eca0
Event: 7.272 Thread 0x0000000002d60800 DEOPT UNPACKING pc=0x0000000002ea73ef sp=0x0000000002d4ebd0 mode 2
Event: 7.272 Thread 0x0000000002d60800 Uncommon trap: trap_request=0xffffffde fr.pc=0x00000000033c75c0
Event: 7.272 Thread 0x0000000002d60800 DEOPT PACKING pc=0x00000000033c75c0 sp=0x0000000002d4ec50
Event: 7.272 Thread 0x0000000002d60800 DEOPT UNPACKING pc=0x0000000002ea73ef sp=0x0000000002d4ebd8 mode 2


Dynamic libraries:
0x00007ff77d940000 - 0x00007ff77d974000 	C:\Program Files\Java\jdk1.8.0_05\bin\java.exe
0x00007ff942cd0000 - 0x00007ff942e7a000 	C:\Windows\SYSTEM32\ntdll.dll
0x00007ff940b20000 - 0x00007ff940c5a000 	C:\Windows\system32\KERNEL32.DLL
0x00007ff940440000 - 0x00007ff940550000 	C:\Windows\system32\KERNELBASE.dll
0x00007ff93e9a0000 - 0x00007ff93ea28000 	C:\Windows\system32\apphelp.dll
0x00007ff931330000 - 0x00007ff93137f000 	C:\Windows\AppPatch\AppPatch64\AcGenral.DLL
0x00007ff9428d0000 - 0x00007ff942977000 	C:\Windows\system32\msvcrt.dll
0x00007ff93fe80000 - 0x00007ff93feab000 	C:\Windows\SYSTEM32\SspiCli.dll
0x00007ff941290000 - 0x00007ff9412e1000 	C:\Windows\system32\SHLWAPI.dll
0x00007ff940ec0000 - 0x00007ff941031000 	C:\Windows\system32\USER32.dll
0x00007ff940c60000 - 0x00007ff940dd8000 	C:\Windows\system32\ole32.dll
0x00007ff941360000 - 0x00007ff942777000 	C:\Windows\system32\SHELL32.dll
0x00007ff93f650000 - 0x00007ff93f66f000 	C:\Windows\SYSTEM32\USERENV.dll
0x00007ff940550000 - 0x00007ff9405f5000 	C:\Windows\system32\ADVAPI32.dll
0x00007ff9387e0000 - 0x00007ff9387fb000 	C:\Windows\SYSTEM32\MPR.dll
0x00007ff940840000 - 0x00007ff940976000 	C:\Windows\system32\RPCRT4.dll
0x00007ff942c70000 - 0x00007ff942cc7000 	C:\Windows\SYSTEM32\sechost.dll
0x00007ff9429e0000 - 0x00007ff942bb6000 	C:\Windows\SYSTEM32\combase.dll
0x00007ff9406a0000 - 0x00007ff9407e5000 	C:\Windows\system32\GDI32.dll
0x00007ff940040000 - 0x00007ff940054000 	C:\Windows\SYSTEM32\profapi.dll
0x00007ff93e900000 - 0x00007ff93e99f000 	C:\Windows\SYSTEM32\SHCORE.dll
0x00007ff940800000 - 0x00007ff940834000 	C:\Windows\system32\IMM32.DLL
0x00007ff942780000 - 0x00007ff9428b9000 	C:\Windows\system32\MSCTF.dll
0x00000000510e0000 - 0x0000000051169000 	C:\Windows\System32\SYSFER.DLL
0x00007ff93e090000 - 0x00007ff93e2ea000 	C:\Windows\WinSxS\amd64_microsoft.windows.common-controls_6595b64144ccf1df_6.0.9600.17031_none_6242a4b3ecbb55a1\COMCTL32.dll
0x0000000076e10000 - 0x0000000076ee2000 	C:\Program Files\Java\jdk1.8.0_05\jre\bin\msvcr100.dll
0x0000000077320000 - 0x0000000077b4a000 	C:\Program Files\Java\jdk1.8.0_05\jre\bin\server\jvm.dll
0x00007ff929de0000 - 0x00007ff929de9000 	C:\Windows\SYSTEM32\WSOCK32.dll
0x00007ff93c810000 - 0x00007ff93c82f000 	C:\Windows\SYSTEM32\WINMM.dll
0x00007ff941350000 - 0x00007ff941357000 	C:\Windows\system32\PSAPI.DLL
0x00007ff942980000 - 0x00007ff9429d8000 	C:\Windows\system32\WS2_32.dll
0x00007ff93c7d0000 - 0x00007ff93c7fa000 	C:\Windows\SYSTEM32\WINMMBASE.dll
0x00007ff941280000 - 0x00007ff941289000 	C:\Windows\system32\NSI.dll
0x00007ff940110000 - 0x00007ff94015a000 	C:\Windows\SYSTEM32\cfgmgr32.dll
0x00007ff93eed0000 - 0x00007ff93eef6000 	C:\Windows\SYSTEM32\DEVOBJ.dll
0x00000000500d0000 - 0x00000000500df000 	C:\Program Files\Java\jdk1.8.0_05\jre\bin\verify.dll
0x00000000500a0000 - 0x00000000500c8000 	C:\Program Files\Java\jdk1.8.0_05\jre\bin\java.dll
0x0000000050020000 - 0x0000000050036000 	C:\Program Files\Java\jdk1.8.0_05\jre\bin\zip.dll

VM Arguments:
jvm_args: -Djava.awt.headless=true -Xmx1024M -Dfile.encoding=windows-1252 -Duser.country=US -Duser.language=en -Duser.variant 
java_command: com.android.dx.command.Main --dex --force-jumbo --num-threads=4 --output C:\Users\r.desouki\Fieldium\app\build\intermediates\pre-dexed\debug\internal_impl-25.0.1_a419862cf0f2599391c77f0fecf288981813a4f7.jar C:\Users\r.desouki\Fieldium\app\build\intermediates\exploded-aar\com.android.support\support-compat\25.0.1\jars\libs\internal_impl-25.0.1.jar
java_class_path (initial): C:\Users\r.desouki\AppData\Local\Android\sdk\build-tools\23.0.3\lib\dx.jar
Launcher Type: SUN_STANDARD

Environment Variables:
JAVA_HOME=C:\Program Files\Java\jdk1.8.0_05
PATH=C:\ProgramData\Oracle\Java\javapath;C:\Program Files (x86)\NVIDIA Corporation\PhysX\Common;C:\Windows\system32;C:\Windows;C:\Windows\System32\Wbem;C:\Windows\System32\WindowsPowerShell\v1.0\;C:\Program Files (x86)\Skype\Phone\;C:\Program Files (x86)\Common Files\Acronis\SnapAPI\;C:\Program Files (x86)\Microsoft SQL Server\100\Tools\Binn\;C:\Program Files\Microsoft SQL Server\100\Tools\Binn\;C:\Program Files\Microsoft SQL Server\100\DTS\Binn\;C:\Program Files (x86)\Microsoft SQL Server\100\Tools\Binn\VSShell\Common7\IDE\;C:\Program Files (x86)\Microsoft SQL Server\100\DTS\Binn\;C:\Program Files\nodejs\;C:\Program Files\OpenVPN\bin;C:\Program Files\Git\cmd;C:\wamp\bin\php\php5.5.12;C:\ProgramData\ComposerSetup\bin;D:\HashiCorp\Vagrant\bin;C:\Users\r.desouki\AppData\Roaming\npm
USERNAME=r.desouki
OS=Windows_NT
PROCESSOR_IDENTIFIER=Intel64 Family 6 Model 30 Stepping 5, GenuineIntel



---------------  S Y S T E M  ---------------

OS: Windows 8.1 , 64 bit Build 9600 

CPU:total 4 (4 cores per cpu, 1 threads per core) family 6 model 30 stepping 5, cmov, cx8, fxsr, mmx, sse, sse2, sse3, ssse3, sse4.1, sse4.2, popcnt, tsc, tscinvbit

Memory: 4k page, physical 8379632k(654140k free), swap 11525360k(5164k free)

vm_info: Java HotSpot(TM) 64-Bit Server VM (25.5-b02) for windows-amd64 JRE (1.8.0_05-b13), built on Mar 18 2014 01:08:39 by "java_re" with MS VC++ 10.0 (VS2010)

time: Sun Feb 19 15:13:17 2017
elapsed time: 7 seconds

