#
# There is insufficient memory for the Java Runtime Environment to continue.
# Native memory allocation (malloc) failed to allocate 425616 bytes for Chunk::new
# Possible reasons:
#   The system is out of physical RAM or swap space
#   In 32 bit mode, the process size limit was hit
# Possible solutions:
#   Reduce memory load on the system
#   Increase physical memory or swap space
#   Check if swap backing store is full
#   Use 64 bit Java on a 64 bit OS
#   Decrease Java heap size (-Xmx/-Xms)
#   Decrease number of Java threads
#   Decrease Java thread stack sizes (-Xss)
#   Set larger code cache with -XX:ReservedCodeCacheSize=
# This output file may be truncated or incomplete.
#
#  Out of Memory Error (allocation.cpp:388), pid=10132, tid=8408
#
# JRE version: Java(TM) SE Runtime Environment (8.0_05-b13) (build 1.8.0_05-b13)
# Java VM: Java HotSpot(TM) 64-Bit Server VM (25.5-b02 mixed mode windows-amd64 compressed oops)
# Failed to write core dump. Minidumps are not enabled by default on client versions of Windows
#

---------------  T H R E A D  ---------------

Current thread (0x000000001546c000):  JavaThread "C2 CompilerThread0" daemon [_thread_in_native, id=8408, stack(0x00000000169d0000,0x0000000016ad0000)]

Stack: [0x00000000169d0000,0x0000000016ad0000]
Native frames: (J=compiled Java code, j=interpreted, Vv=VM code, C=native code)
V  [jvm.dll+0x308dea]


Current CompileTask:
C2:   6442 1011       4       com.android.dx.ssa.back.LivenessAnalyzer::handleTailRecursion (94 bytes)


---------------  P R O C E S S  ---------------

Java Threads: ( => current thread )
  0x00000000154ca000 JavaThread "Service Thread" daemon [_thread_blocked, id=7356, stack(0x0000000016cd0000,0x0000000016dd0000)]
  0x00000000154c0000 JavaThread "C1 CompilerThread2" daemon [_thread_blocked, id=8368, stack(0x0000000016bd0000,0x0000000016cd0000)]
  0x00000000154bd000 JavaThread "C2 CompilerThread1" daemon [_thread_in_native, id=8908, stack(0x0000000016ad0000,0x0000000016bd0000)]
=>0x000000001546c000 JavaThread "C2 CompilerThread0" daemon [_thread_in_native, id=8408, stack(0x00000000169d0000,0x0000000016ad0000)]
  0x000000001546a800 JavaThread "Attach Listener" daemon [_thread_blocked, id=7984, stack(0x00000000168d0000,0x00000000169d0000)]
  0x0000000015469000 JavaThread "Signal Dispatcher" daemon [_thread_blocked, id=8912, stack(0x00000000167d0000,0x00000000168d0000)]
  0x0000000002d94800 JavaThread "Finalizer" daemon [_thread_blocked, id=4828, stack(0x00000000166d0000,0x00000000167d0000)]
  0x0000000002d88800 JavaThread "Reference Handler" daemon [_thread_blocked, id=4124, stack(0x00000000165d0000,0x00000000166d0000)]
  0x0000000002ca0800 JavaThread "main" [_thread_in_vm, id=9904, stack(0x0000000002ab0000,0x0000000002bb0000)]

Other Threads:
  0x0000000015435800 VMThread [stack: 0x00000000164d0000,0x00000000165d0000] [id=8576]
  0x00000000154cd000 WatcherThread [stack: 0x0000000016dd0000,0x0000000016ed0000] [id=6100]

VM state:not at safepoint (normal execution)

VM Mutex/Monitor currently owned by a thread: None

Heap:
 PSYoungGen      total 10240K, used 3104K [0x00000000eab00000, 0x00000000eb700000, 0x0000000100000000)
  eden space 8192K, 16% used [0x00000000eab00000,0x00000000eac580c0,0x00000000eb300000)
  from space 2048K, 84% used [0x00000000eb500000,0x00000000eb6b0018,0x00000000eb700000)
  to   space 2048K, 0% used [0x00000000eb300000,0x00000000eb300000,0x00000000eb500000)
 ParOldGen       total 129536K, used 1674K [0x00000000c0000000, 0x00000000c7e80000, 0x00000000eab00000)
  object space 129536K, 1% used [0x00000000c0000000,0x00000000c01a2820,0x00000000c7e80000)
 Metaspace       used 5623K, capacity 6704K, committed 6784K, reserved 1056768K
  class space    used 590K, capacity 616K, committed 640K, reserved 1048576K

Card table byte_map: [0x0000000012160000,0x0000000012370000] byte_map_base: 0x0000000011b60000

Marking Bits: (ParMarkBitMap*) 0x0000000077ad13b0
 Begin Bits: [0x00000000128d0000, 0x00000000138d0000)
 End Bits:   [0x00000000138d0000, 0x00000000148d0000)

Polling page: 0x0000000001150000

CodeCache: size=245760Kb used=3886Kb max_used=3886Kb free=241873Kb
 bounds [0x0000000002da0000, 0x0000000003170000, 0x0000000011da0000]
 total_blobs=1295 nmethods=1033 adapters=177
 compilation: enabled

Compilation events (10 events):
Event: 6.431 Thread 0x00000000154bd000 nmethod 1010 0x000000000316af50 code [0x000000000316b0e0, 0x000000000316b7a8]
Event: 6.431 Thread 0x00000000154bd000 1012       4       com.android.dx.ssa.back.LivenessAnalyzer::liveOutAtStatement (61 bytes)
Event: 6.431 Thread 0x00000000154c0000 nmethod 1027 0x000000000316a690 code [0x000000000316a800, 0x000000000316a9f0]
Event: 6.431 Thread 0x00000000154c0000 1028       3       com.android.dx.ssa.DomFront::calcDomFronts (154 bytes)
Event: 6.432 Thread 0x00000000154c0000 nmethod 1028 0x0000000003168890 code [0x0000000003168b20, 0x0000000003169a48]
Event: 6.432 Thread 0x00000000154c0000 1029       1       java.util.HashMap::size (5 bytes)
Event: 6.433 Thread 0x00000000154c0000 nmethod 1029 0x00000000031685d0 code [0x0000000003168720, 0x0000000003168830]
Event: 6.436 Thread 0x00000000154c0000 1030       3       com.android.dx.rop.cst.CstFieldRef::compareTo0 (43 bytes)
Event: 6.436 Thread 0x00000000154c0000 nmethod 1030 0x000000000316be10 code [0x000000000316c000, 0x000000000316cc68]
Event: 6.437 Thread 0x00000000154c0000 1031       3       java.util.TreeMap::getEntry (84 bytes)

GC Heap History (10 events):
Event: 3.163 GC heap before
{Heap before GC invocations=4 (full 0):
 PSYoungGen      total 1536K, used 1511K [0x00000000eab00000, 0x00000000eae00000, 0x0000000100000000)
  eden space 1024K, 100% used [0x00000000eab00000,0x00000000eac00000,0x00000000eac00000)
  from space 512K, 95% used [0x00000000eac00000,0x00000000eac79c70,0x00000000eac80000)
  to   space 512K, 0% used [0x00000000ead80000,0x00000000ead80000,0x00000000eae00000)
 ParOldGen       total 129536K, used 436K [0x00000000c0000000, 0x00000000c7e80000, 0x00000000eab00000)
  object space 129536K, 0% used [0x00000000c0000000,0x00000000c006d170,0x00000000c7e80000)
 Metaspace       used 3813K, capacity 5104K, committed 5376K, reserved 1056768K
  class space    used 433K, capacity 488K, committed 512K, reserved 1048576K
Event: 3.233 GC heap after
Heap after GC invocations=4 (full 0):
 PSYoungGen      total 2560K, used 487K [0x00000000eab00000, 0x00000000eae00000, 0x0000000100000000)
  eden space 2048K, 0% used [0x00000000eab00000,0x00000000eab00000,0x00000000ead00000)
  from space 512K, 95% used [0x00000000ead80000,0x00000000eadf9c50,0x00000000eae00000)
  to   space 512K, 0% used [0x00000000ead00000,0x00000000ead00000,0x00000000ead80000)
 ParOldGen       total 129536K, used 731K [0x00000000c0000000, 0x00000000c7e80000, 0x00000000eab00000)
  object space 129536K, 0% used [0x00000000c0000000,0x00000000c00b6c60,0x00000000c7e80000)
 Metaspace       used 3813K, capacity 5104K, committed 5376K, reserved 1056768K
  class space    used 433K, capacity 488K, committed 512K, reserved 1048576K
}
Event: 3.757 GC heap before
{Heap before GC invocations=5 (full 0):
 PSYoungGen      total 2560K, used 2535K [0x00000000eab00000, 0x00000000eae00000, 0x0000000100000000)
  eden space 2048K, 100% used [0x00000000eab00000,0x00000000ead00000,0x00000000ead00000)
  from space 512K, 95% used [0x00000000ead80000,0x00000000eadf9c50,0x00000000eae00000)
  to   space 512K, 0% used [0x00000000ead00000,0x00000000ead00000,0x00000000ead80000)
 ParOldGen       total 129536K, used 731K [0x00000000c0000000, 0x00000000c7e80000, 0x00000000eab00000)
  object space 129536K, 0% used [0x00000000c0000000,0x00000000c00b6c60,0x00000000c7e80000)
 Metaspace       used 4332K, capacity 5584K, committed 5760K, reserved 1056768K
  class space    used 484K, capacity 520K, committed 640K, reserved 1048576K
Event: 3.999 GC heap after
Heap after GC invocations=5 (full 0):
 PSYoungGen      total 2560K, used 512K [0x00000000eab00000, 0x00000000eb200000, 0x0000000100000000)
  eden space 2048K, 0% used [0x00000000eab00000,0x00000000eab00000,0x00000000ead00000)
  from space 512K, 100% used [0x00000000ead00000,0x00000000ead80000,0x00000000ead80000)
  to   space 1536K, 0% used [0x00000000eb080000,0x00000000eb080000,0x00000000eb200000)
 ParOldGen       total 129536K, used 1385K [0x00000000c0000000, 0x00000000c7e80000, 0x00000000eab00000)
  object space 129536K, 1% used [0x00000000c0000000,0x00000000c015a7b0,0x00000000c7e80000)
 Metaspace       used 4332K, capacity 5584K, committed 5760K, reserved 1056768K
  class space    used 484K, capacity 520K, committed 640K, reserved 1048576K
}
Event: 4.075 GC heap before
{Heap before GC invocations=6 (full 0):
 PSYoungGen      total 2560K, used 2560K [0x00000000eab00000, 0x00000000eb200000, 0x0000000100000000)
  eden space 2048K, 100% used [0x00000000eab00000,0x00000000ead00000,0x00000000ead00000)
  from space 512K, 100% used [0x00000000ead00000,0x00000000ead80000,0x00000000ead80000)
  to   space 1536K, 0% used [0x00000000eb080000,0x00000000eb080000,0x00000000eb200000)
 ParOldGen       total 129536K, used 1385K [0x00000000c0000000, 0x00000000c7e80000, 0x00000000eab00000)
  object space 129536K, 1% used [0x00000000c0000000,0x00000000c015a7b0,0x00000000c7e80000)
 Metaspace       used 4939K, capacity 6096K, committed 6272K, reserved 1056768K
  class space    used 552K, capacity 584K, committed 640K, reserved 1048576K
Event: 4.564 GC heap after
Heap after GC invocations=6 (full 0):
 PSYoungGen      total 5632K, used 1120K [0x00000000eab00000, 0x00000000eb200000, 0x0000000100000000)
  eden space 4096K, 0% used [0x00000000eab00000,0x00000000eab00000,0x00000000eaf00000)
  from space 1536K, 72% used [0x00000000eb080000,0x00000000eb198000,0x00000000eb200000)
  to   space 1536K, 0% used [0x00000000eaf00000,0x00000000eaf00000,0x00000000eb080000)
 ParOldGen       total 129536K, used 1385K [0x00000000c0000000, 0x00000000c7e80000, 0x00000000eab00000)
  object space 129536K, 1% used [0x00000000c0000000,0x00000000c015a7b0,0x00000000c7e80000)
 Metaspace       used 4939K, capacity 6096K, committed 6272K, reserved 1056768K
  class space    used 552K, capacity 584K, committed 640K, reserved 1048576K
}
Event: 5.363 GC heap before
{Heap before GC invocations=7 (full 0):
 PSYoungGen      total 5632K, used 5216K [0x00000000eab00000, 0x00000000eb200000, 0x0000000100000000)
  eden space 4096K, 100% used [0x00000000eab00000,0x00000000eaf00000,0x00000000eaf00000)
  from space 1536K, 72% used [0x00000000eb080000,0x00000000eb198000,0x00000000eb200000)
  to   space 1536K, 0% used [0x00000000eaf00000,0x00000000eaf00000,0x00000000eb080000)
 ParOldGen       total 129536K, used 1385K [0x00000000c0000000, 0x00000000c7e80000, 0x00000000eab00000)
  object space 129536K, 1% used [0x00000000c0000000,0x00000000c015a7b0,0x00000000c7e80000)
 Metaspace       used 5462K, capacity 6576K, committed 6784K, reserved 1056768K
  class space    used 585K, capacity 616K, committed 640K, reserved 1048576K
Event: 5.627 GC heap after
Heap after GC invocations=7 (full 0):
 PSYoungGen      total 5632K, used 1456K [0x00000000eab00000, 0x00000000eb700000, 0x0000000100000000)
  eden space 4096K, 0% used [0x00000000eab00000,0x00000000eab00000,0x00000000eaf00000)
  from space 1536K, 94% used [0x00000000eaf00000,0x00000000eb06c028,0x00000000eb080000)
  to   space 2048K, 0% used [0x00000000eb500000,0x00000000eb500000,0x00000000eb700000)
 ParOldGen       total 129536K, used 1546K [0x00000000c0000000, 0x00000000c7e80000, 0x00000000eab00000)
  object space 129536K, 1% used [0x00000000c0000000,0x00000000c0182800,0x00000000c7e80000)
 Metaspace       used 5462K, capacity 6576K, committed 6784K, reserved 1056768K
  class space    used 585K, capacity 616K, committed 640K, reserved 1048576K
}
Event: 6.037 GC heap before
{Heap before GC invocations=8 (full 0):
 PSYoungGen      total 5632K, used 5552K [0x00000000eab00000, 0x00000000eb700000, 0x0000000100000000)
  eden space 4096K, 100% used [0x00000000eab00000,0x00000000eaf00000,0x00000000eaf00000)
  from space 1536K, 94% used [0x00000000eaf00000,0x00000000eb06c028,0x00000000eb080000)
  to   space 2048K, 0% used [0x00000000eb500000,0x00000000eb500000,0x00000000eb700000)
 ParOldGen       total 129536K, used 1546K [0x00000000c0000000, 0x00000000c7e80000, 0x00000000eab00000)
  object space 129536K, 1% used [0x00000000c0000000,0x00000000c0182800,0x00000000c7e80000)
 Metaspace       used 5589K, capacity 6704K, committed 6784K, reserved 1056768K
  class space    used 587K, capacity 616K, committed 640K, reserved 1048576K
Event: 6.411 GC heap after
Heap after GC invocations=8 (full 0):
 PSYoungGen      total 10240K, used 1728K [0x00000000eab00000, 0x00000000eb700000, 0x0000000100000000)
  eden space 8192K, 0% used [0x00000000eab00000,0x00000000eab00000,0x00000000eb300000)
  from space 2048K, 84% used [0x00000000eb500000,0x00000000eb6b0018,0x00000000eb700000)
  to   space 2048K, 0% used [0x00000000eb300000,0x00000000eb300000,0x00000000eb500000)
 ParOldGen       total 129536K, used 1674K [0x00000000c0000000, 0x00000000c7e80000, 0x00000000eab00000)
  object space 129536K, 1% used [0x00000000c0000000,0x00000000c01a2820,0x00000000c7e80000)
 Metaspace       used 5589K, capacity 6704K, committed 6784K, reserved 1056768K
  class space    used 587K, capacity 616K, committed 640K, reserved 1048576K
}

Deoptimization events (1 events):
Event: 5.720 Thread 0x0000000017045000 Uncommon trap: reason=unreached action=reinterpret pc=0x00000000030b7154 method=java.util.HashMap.putVal(ILjava/lang/Object;Ljava/lang/Object;ZZ)Ljava/lang/Object; @ 193

Internal exceptions (10 events):
Event: 4.602 Thread 0x0000000002ca0800 Exception <a 'java/security/PrivilegedActionException'> (0x00000000eac21458) thrown at [D:\re\workspace\8-2-build-windows-amd64-cygwin\jdk8u5\2488\hotspot\src\share\vm\prims\jvm.cpp, line 1248]
Event: 4.603 Thread 0x0000000002ca0800 Exception <a 'java/security/PrivilegedActionException'> (0x00000000eac24608) thrown at [D:\re\workspace\8-2-build-windows-amd64-cygwin\jdk8u5\2488\hotspot\src\share\vm\prims\jvm.cpp, line 1248]
Event: 4.603 Thread 0x0000000002ca0800 Exception <a 'java/security/PrivilegedActionException'> (0x00000000eac2d3c8) thrown at [D:\re\workspace\8-2-build-windows-amd64-cygwin\jdk8u5\2488\hotspot\src\share\vm\prims\jvm.cpp, line 1248]
Event: 4.635 Thread 0x0000000017045000 Exception <a 'java/security/PrivilegedActionException'> (0x00000000eac6ba88) thrown at [D:\re\workspace\8-2-build-windows-amd64-cygwin\jdk8u5\2488\hotspot\src\share\vm\prims\jvm.cpp, line 1248]
Event: 4.635 Thread 0x0000000017045000 Exception <a 'java/security/PrivilegedActionException'> (0x00000000eac6ff10) thrown at [D:\re\workspace\8-2-build-windows-amd64-cygwin\jdk8u5\2488\hotspot\src\share\vm\prims\jvm.cpp, line 1248]
Event: 4.636 Thread 0x0000000017045000 Exception <a 'java/security/PrivilegedActionException'> (0x00000000eac76d90) thrown at [D:\re\workspace\8-2-build-windows-amd64-cygwin\jdk8u5\2488\hotspot\src\share\vm\prims\jvm.cpp, line 1248]
Event: 4.647 Thread 0x0000000017045800 Exception <a 'java/security/PrivilegedActionException'> (0x00000000eaca6600) thrown at [D:\re\workspace\8-2-build-windows-amd64-cygwin\jdk8u5\2488\hotspot\src\share\vm\prims\jvm.cpp, line 1248]
Event: 4.649 Thread 0x0000000017045800 Exception <a 'java/security/PrivilegedActionException'> (0x00000000eacae588) thrown at [D:\re\workspace\8-2-build-windows-amd64-cygwin\jdk8u5\2488\hotspot\src\share\vm\prims\jvm.cpp, line 1248]
Event: 4.707 Thread 0x0000000017049800 Exception <a 'java/security/PrivilegedActionException'> (0x00000000eadd58c8) thrown at [D:\re\workspace\8-2-build-windows-amd64-cygwin\jdk8u5\2488\hotspot\src\share\vm\prims\jvm.cpp, line 1248]
Event: 5.651 Thread 0x0000000017045000 Exception <a 'java/security/PrivilegedActionException'> (0x00000000eabdaed8) thrown at [D:\re\workspace\8-2-build-windows-amd64-cygwin\jdk8u5\2488\hotspot\src\share\vm\prims\jvm.cpp, line 1248]

Events (10 events):
Event: 5.693 loading class java/util/HashMap$KeyIterator
Event: 5.693 loading class java/util/HashMap$KeyIterator done
Event: 5.701 Thread 0x0000000017038800 Thread exited: 0x0000000017038800
Event: 5.701 Thread 0x0000000017049800 Thread exited: 0x0000000017049800
Event: 5.701 Thread 0x0000000017045800 Thread exited: 0x0000000017045800
Event: 5.720 Thread 0x0000000017045000 Uncommon trap: trap_request=0xffffffad fr.pc=0x00000000030b7154
Event: 5.720 Thread 0x0000000017045000 DEOPT PACKING pc=0x00000000030b7154 sp=0x00000000175ce630
Event: 5.720 Thread 0x0000000017045000 DEOPT UNPACKING pc=0x0000000002de73ef sp=0x00000000175ce4c0 mode 2
Event: 6.037 Executing VM operation: ParallelGCFailedAllocation
Event: 6.411 Executing VM operation: ParallelGCFailedAllocation done


Dynamic libraries:
0x00007ff77d940000 - 0x00007ff77d974000 	C:\Program Files\Java\jdk1.8.0_05\bin\java.exe
0x00007ff942cd0000 - 0x00007ff942e7a000 	C:\Windows\SYSTEM32\ntdll.dll
0x00007ff940b20000 - 0x00007ff940c5a000 	C:\Windows\system32\KERNEL32.DLL
0x00007ff940440000 - 0x00007ff940550000 	C:\Windows\system32\KERNELBASE.dll
0x00007ff93e9a0000 - 0x00007ff93ea28000 	C:\Windows\system32\apphelp.dll
0x00007ff931330000 - 0x00007ff93137f000 	C:\Windows\AppPatch\AppPatch64\AcGenral.DLL
0x00007ff9428d0000 - 0x00007ff942977000 	C:\Windows\system32\msvcrt.dll
0x00007ff93fe80000 - 0x00007ff93feab000 	C:\Windows\SYSTEM32\SspiCli.dll
0x00007ff941290000 - 0x00007ff9412e1000 	C:\Windows\system32\SHLWAPI.dll
0x00007ff940ec0000 - 0x00007ff941031000 	C:\Windows\system32\USER32.dll
0x00007ff940c60000 - 0x00007ff940dd8000 	C:\Windows\system32\ole32.dll
0x00007ff941360000 - 0x00007ff942777000 	C:\Windows\system32\SHELL32.dll
0x00007ff93f650000 - 0x00007ff93f66f000 	C:\Windows\SYSTEM32\USERENV.dll
0x00007ff940550000 - 0x00007ff9405f5000 	C:\Windows\system32\ADVAPI32.dll
0x00007ff9387e0000 - 0x00007ff9387fb000 	C:\Windows\SYSTEM32\MPR.dll
0x00007ff940840000 - 0x00007ff940976000 	C:\Windows\system32\RPCRT4.dll
0x00007ff942c70000 - 0x00007ff942cc7000 	C:\Windows\SYSTEM32\sechost.dll
0x00007ff9429e0000 - 0x00007ff942bb6000 	C:\Windows\SYSTEM32\combase.dll
0x00007ff9406a0000 - 0x00007ff9407e5000 	C:\Windows\system32\GDI32.dll
0x00007ff940040000 - 0x00007ff940054000 	C:\Windows\SYSTEM32\profapi.dll
0x00007ff93e900000 - 0x00007ff93e99f000 	C:\Windows\SYSTEM32\SHCORE.dll
0x00007ff940800000 - 0x00007ff940834000 	C:\Windows\system32\IMM32.DLL
0x00007ff942780000 - 0x00007ff9428b9000 	C:\Windows\system32\MSCTF.dll
0x00000000510e0000 - 0x0000000051169000 	C:\Windows\System32\SYSFER.DLL
0x00007ff93e090000 - 0x00007ff93e2ea000 	C:\Windows\WinSxS\amd64_microsoft.windows.common-controls_6595b64144ccf1df_6.0.9600.17031_none_6242a4b3ecbb55a1\COMCTL32.dll
0x0000000076e10000 - 0x0000000076ee2000 	C:\Program Files\Java\jdk1.8.0_05\jre\bin\msvcr100.dll
0x0000000077320000 - 0x0000000077b4a000 	C:\Program Files\Java\jdk1.8.0_05\jre\bin\server\jvm.dll
0x00007ff929de0000 - 0x00007ff929de9000 	C:\Windows\SYSTEM32\WSOCK32.dll
0x00007ff93c810000 - 0x00007ff93c82f000 	C:\Windows\SYSTEM32\WINMM.dll
0x00007ff941350000 - 0x00007ff941357000 	C:\Windows\system32\PSAPI.DLL
0x00007ff942980000 - 0x00007ff9429d8000 	C:\Windows\system32\WS2_32.dll
0x00007ff93c7d0000 - 0x00007ff93c7fa000 	C:\Windows\SYSTEM32\WINMMBASE.dll
0x00007ff941280000 - 0x00007ff941289000 	C:\Windows\system32\NSI.dll
0x00007ff940110000 - 0x00007ff94015a000 	C:\Windows\SYSTEM32\cfgmgr32.dll
0x00007ff93eed0000 - 0x00007ff93eef6000 	C:\Windows\SYSTEM32\DEVOBJ.dll
0x00000000500d0000 - 0x00000000500df000 	C:\Program Files\Java\jdk1.8.0_05\jre\bin\verify.dll
0x00000000500a0000 - 0x00000000500c8000 	C:\Program Files\Java\jdk1.8.0_05\jre\bin\java.dll
0x0000000050020000 - 0x0000000050036000 	C:\Program Files\Java\jdk1.8.0_05\jre\bin\zip.dll

VM Arguments:
jvm_args: -Djava.awt.headless=true -Xmx1024M -Dfile.encoding=windows-1252 -Duser.country=US -Duser.language=en -Duser.variant 
java_command: com.android.dx.command.Main --dex --force-jumbo --num-threads=4 --output C:\Users\r.desouki\Fieldium\app\build\intermediates\pre-dexed\debug\com.google.firebase-firebase-common-9.6.1_0971ac1cfff85fd6d256d3b9ff1b105b32e38738.jar C:\Users\r.desouki\Fieldium\app\build\intermediates\exploded-aar\com.google.firebase\firebase-common\9.6.1\jars\classes.jar
java_class_path (initial): C:\Users\r.desouki\AppData\Local\Android\sdk\build-tools\23.0.3\lib\dx.jar
Launcher Type: SUN_STANDARD

Environment Variables:
JAVA_HOME=C:\Program Files\Java\jdk1.8.0_05
PATH=C:\ProgramData\Oracle\Java\javapath;C:\Program Files (x86)\NVIDIA Corporation\PhysX\Common;C:\Windows\system32;C:\Windows;C:\Windows\System32\Wbem;C:\Windows\System32\WindowsPowerShell\v1.0\;C:\Program Files (x86)\Skype\Phone\;C:\Program Files (x86)\Common Files\Acronis\SnapAPI\;C:\Program Files (x86)\Microsoft SQL Server\100\Tools\Binn\;C:\Program Files\Microsoft SQL Server\100\Tools\Binn\;C:\Program Files\Microsoft SQL Server\100\DTS\Binn\;C:\Program Files (x86)\Microsoft SQL Server\100\Tools\Binn\VSShell\Common7\IDE\;C:\Program Files (x86)\Microsoft SQL Server\100\DTS\Binn\;C:\Program Files\nodejs\;C:\Program Files\OpenVPN\bin;C:\Program Files\Git\cmd;C:\wamp\bin\php\php5.5.12;C:\ProgramData\ComposerSetup\bin;D:\HashiCorp\Vagrant\bin;C:\Users\r.desouki\AppData\Roaming\npm
USERNAME=r.desouki
OS=Windows_NT
PROCESSOR_IDENTIFIER=Intel64 Family 6 Model 30 Stepping 5, GenuineIntel



---------------  S Y S T E M  ---------------

OS: Windows 8.1 , 64 bit Build 9600 

CPU:total 4 (4 cores per cpu, 1 threads per core) family 6 model 30 stepping 5, cmov, cx8, fxsr, mmx, sse, sse2, sse3, ssse3, sse4.1, sse4.2, popcnt, tsc, tscinvbit

Memory: 4k page, physical 8379632k(741764k free), swap 11525360k(2736k free)

vm_info: Java HotSpot(TM) 64-Bit Server VM (25.5-b02) for windows-amd64 JRE (1.8.0_05-b13), built on Mar 18 2014 01:08:39 by "java_re" with MS VC++ 10.0 (VS2010)

time: Sun Feb 19 15:13:40 2017
elapsed time: 6 seconds

