#
# There is insufficient memory for the Java Runtime Environment to continue.
# Native memory allocation (malloc) failed to allocate 222640 bytes for Chunk::new
# Possible reasons:
#   The system is out of physical RAM or swap space
#   In 32 bit mode, the process size limit was hit
# Possible solutions:
#   Reduce memory load on the system
#   Increase physical memory or swap space
#   Check if swap backing store is full
#   Use 64 bit Java on a 64 bit OS
#   Decrease Java heap size (-Xmx/-Xms)
#   Decrease number of Java threads
#   Decrease Java thread stack sizes (-Xss)
#   Set larger code cache with -XX:ReservedCodeCacheSize=
# This output file may be truncated or incomplete.
#
#  Out of Memory Error (allocation.cpp:388), pid=2080, tid=9716
#
# JRE version: Java(TM) SE Runtime Environment (8.0_05-b13) (build 1.8.0_05-b13)
# Java VM: Java HotSpot(TM) 64-Bit Server VM (25.5-b02 mixed mode windows-amd64 compressed oops)
# Failed to write core dump. Minidumps are not enabled by default on client versions of Windows
#

---------------  T H R E A D  ---------------

Current thread (0x00000000151ab800):  JavaThread "C2 CompilerThread0" daemon [_thread_in_native, id=9716, stack(0x0000000016720000,0x0000000016820000)]

Stack: [0x0000000016720000,0x0000000016820000]
Native frames: (J=compiled Java code, j=interpreted, Vv=VM code, C=native code)
V  [jvm.dll+0x308dea]


Current CompileTask:
C2:   7549 1783       4       com.android.dx.ssa.LiteralOpUpgrader::tryReplacingWithConstant (161 bytes)


---------------  P R O C E S S  ---------------

Java Threads: ( => current thread )
  0x0000000016eff000 JavaThread "pool-1-thread-4" [_thread_blocked, id=9356, stack(0x0000000017c20000,0x0000000017d20000)]
  0x0000000016efe000 JavaThread "pool-1-thread-3" [_thread_blocked, id=5884, stack(0x0000000017b20000,0x0000000017c20000)]
  0x0000000016e8c000 JavaThread "pool-1-thread-2" [_thread_in_vm, id=8532, stack(0x0000000017a20000,0x0000000017b20000)]
  0x0000000016eef000 JavaThread "pool-2-thread-1" [_thread_blocked, id=9512, stack(0x0000000017920000,0x0000000017a20000)]
  0x0000000016eec800 JavaThread "pool-1-thread-1" [_thread_blocked, id=5720, stack(0x0000000017820000,0x0000000017920000)]
  0x000000001520a000 JavaThread "Service Thread" daemon [_thread_blocked, id=2672, stack(0x0000000016a20000,0x0000000016b20000)]
  0x0000000015203000 JavaThread "C1 CompilerThread2" daemon [_thread_in_native, id=4804, stack(0x0000000016920000,0x0000000016a20000)]
  0x00000000151fd000 JavaThread "C2 CompilerThread1" daemon [_thread_in_native, id=188, stack(0x0000000016820000,0x0000000016920000)]
=>0x00000000151ab800 JavaThread "C2 CompilerThread0" daemon [_thread_in_native, id=9716, stack(0x0000000016720000,0x0000000016820000)]
  0x00000000151aa800 JavaThread "Attach Listener" daemon [_thread_blocked, id=9912, stack(0x0000000016620000,0x0000000016720000)]
  0x00000000151a8800 JavaThread "Signal Dispatcher" daemon [_thread_blocked, id=6544, stack(0x0000000016520000,0x0000000016620000)]
  0x0000000002ad4800 JavaThread "Finalizer" daemon [_thread_blocked, id=2764, stack(0x0000000016420000,0x0000000016520000)]
  0x0000000002ac8800 JavaThread "Reference Handler" daemon [_thread_blocked, id=7560, stack(0x0000000016320000,0x0000000016420000)]
  0x00000000029e0800 JavaThread "main" [_thread_in_Java, id=8848, stack(0x00000000028e0000,0x00000000029e0000)]

Other Threads:
  0x0000000015175800 VMThread [stack: 0x0000000016220000,0x0000000016320000] [id=8164]
  0x000000001520d000 WatcherThread [stack: 0x0000000016b20000,0x0000000016c20000] [id=3332]

VM state:not at safepoint (normal execution)

VM Mutex/Monitor currently owned by a thread: None

Heap:
 PSYoungGen      total 35840K, used 8268K [0x00000000eab00000, 0x00000000ee500000, 0x0000000100000000)
  eden space 30720K, 10% used [0x00000000eab00000,0x00000000eae2e5a8,0x00000000ec900000)
  from space 5120K, 97% used [0x00000000ee000000,0x00000000ee4e4ab0,0x00000000ee500000)
  to   space 4608K, 0% used [0x00000000ec900000,0x00000000ec900000,0x00000000ecd80000)
 ParOldGen       total 129536K, used 18463K [0x00000000c0000000, 0x00000000c7e80000, 0x00000000eab00000)
  object space 129536K, 14% used [0x00000000c0000000,0x00000000c1207e28,0x00000000c7e80000)
 Metaspace       used 6068K, capacity 7000K, committed 7168K, reserved 1056768K
  class space    used 614K, capacity 656K, committed 768K, reserved 1048576K

Card table byte_map: [0x0000000011ea0000,0x00000000120b0000] byte_map_base: 0x00000000118a0000

Marking Bits: (ParMarkBitMap*) 0x0000000077ad13b0
 Begin Bits: [0x0000000012610000, 0x0000000013610000)
 End Bits:   [0x0000000013610000, 0x0000000014610000)

Polling page: 0x0000000000ca0000

CodeCache: size=245760Kb used=7635Kb max_used=7635Kb free=238124Kb
 bounds [0x0000000002ae0000, 0x0000000003260000, 0x0000000011ae0000]
 total_blobs=2056 nmethods=1792 adapters=179
 compilation: enabled

Compilation events (10 events):
Event: 7.529 Thread 0x0000000015203000 1822       2       com.android.dx.cf.code.ByteCatchList::set (21 bytes)
Event: 7.529 Thread 0x0000000015203000 nmethod 1822 0x0000000003258090 code [0x0000000003258240, 0x00000000032586d8]
Event: 7.530 Thread 0x0000000015203000 1823       2       com.android.dx.cf.code.ExecutionStack::clear (40 bytes)
Event: 7.530 Thread 0x0000000015203000 nmethod 1823 0x0000000003258ad0 code [0x0000000003258c40, 0x0000000003258f08]
Event: 7.530 Thread 0x0000000015203000 1824       2       com.android.dx.cf.code.Ropper$CatchInfo::getSetup (53 bytes)
Event: 7.530 Thread 0x0000000015203000 nmethod 1824 0x0000000003259110 code [0x00000000032592a0, 0x00000000032595c8]
Event: 7.531 Thread 0x0000000015203000 1825       2       com.android.dx.ssa.NormalSsaInsn::clone (5 bytes)
Event: 7.531 Thread 0x0000000015203000 nmethod 1825 0x0000000003259790 code [0x0000000003259900, 0x0000000003259b78]
Event: 7.535 Thread 0x0000000015203000 1826       2       com.android.dx.ssa.back.IdenticalBlockCombiner::replaceSucc (83 bytes)
Event: 7.536 Thread 0x0000000015203000 nmethod 1826 0x0000000003259d10 code [0x0000000003259ec0, 0x000000000325a218]

GC Heap History (10 events):
Event: 4.372 GC heap before
{Heap before GC invocations=12 (full 0):
 PSYoungGen      total 14848K, used 13568K [0x00000000eab00000, 0x00000000ec380000, 0x0000000100000000)
  eden space 11776K, 100% used [0x00000000eab00000,0x00000000eb680000,0x00000000eb680000)
  from space 3072K, 58% used [0x00000000eb680000,0x00000000eb840000,0x00000000eb980000)
  to   space 3072K, 0% used [0x00000000ec080000,0x00000000ec080000,0x00000000ec380000)
 ParOldGen       total 129536K, used 4947K [0x00000000c0000000, 0x00000000c7e80000, 0x00000000eab00000)
  object space 129536K, 3% used [0x00000000c0000000,0x00000000c04d4c98,0x00000000c7e80000)
 Metaspace       used 5894K, capacity 6896K, committed 7040K, reserved 1056768K
  class space    used 591K, capacity 616K, committed 640K, reserved 1048576K
Event: 4.414 GC heap after
Heap after GC invocations=12 (full 0):
 PSYoungGen      total 22016K, used 2135K [0x00000000eab00000, 0x00000000ec380000, 0x0000000100000000)
  eden space 18944K, 0% used [0x00000000eab00000,0x00000000eab00000,0x00000000ebd80000)
  from space 3072K, 69% used [0x00000000ec080000,0x00000000ec295f38,0x00000000ec380000)
  to   space 3072K, 0% used [0x00000000ebd80000,0x00000000ebd80000,0x00000000ec080000)
 ParOldGen       total 129536K, used 6597K [0x00000000c0000000, 0x00000000c7e80000, 0x00000000eab00000)
  object space 129536K, 5% used [0x00000000c0000000,0x00000000c06715f8,0x00000000c7e80000)
 Metaspace       used 5894K, capacity 6896K, committed 7040K, reserved 1056768K
  class space    used 591K, capacity 616K, committed 640K, reserved 1048576K
}
Event: 4.767 GC heap before
{Heap before GC invocations=13 (full 0):
 PSYoungGen      total 22016K, used 21079K [0x00000000eab00000, 0x00000000ec380000, 0x0000000100000000)
  eden space 18944K, 100% used [0x00000000eab00000,0x00000000ebd80000,0x00000000ebd80000)
  from space 3072K, 69% used [0x00000000ec080000,0x00000000ec295f38,0x00000000ec380000)
  to   space 3072K, 0% used [0x00000000ebd80000,0x00000000ebd80000,0x00000000ec080000)
 ParOldGen       total 129536K, used 6597K [0x00000000c0000000, 0x00000000c7e80000, 0x00000000eab00000)
  object space 129536K, 5% used [0x00000000c0000000,0x00000000c06715f8,0x00000000c7e80000)
 Metaspace       used 6031K, capacity 7000K, committed 7168K, reserved 1056768K
  class space    used 614K, capacity 656K, committed 768K, reserved 1048576K
Event: 4.785 GC heap after
Heap after GC invocations=13 (full 0):
 PSYoungGen      total 22016K, used 3060K [0x00000000eab00000, 0x00000000ed200000, 0x0000000100000000)
  eden space 18944K, 0% used [0x00000000eab00000,0x00000000eab00000,0x00000000ebd80000)
  from space 3072K, 99% used [0x00000000ebd80000,0x00000000ec07d210,0x00000000ec080000)
  to   space 4608K, 0% used [0x00000000ecd80000,0x00000000ecd80000,0x00000000ed200000)
 ParOldGen       total 129536K, used 9212K [0x00000000c0000000, 0x00000000c7e80000, 0x00000000eab00000)
  object space 129536K, 7% used [0x00000000c0000000,0x00000000c08ff110,0x00000000c7e80000)
 Metaspace       used 6031K, capacity 7000K, committed 7168K, reserved 1056768K
  class space    used 614K, capacity 656K, committed 768K, reserved 1048576K
}
Event: 5.189 GC heap before
{Heap before GC invocations=14 (full 0):
 PSYoungGen      total 22016K, used 22004K [0x00000000eab00000, 0x00000000ed200000, 0x0000000100000000)
  eden space 18944K, 100% used [0x00000000eab00000,0x00000000ebd80000,0x00000000ebd80000)
  from space 3072K, 99% used [0x00000000ebd80000,0x00000000ec07d210,0x00000000ec080000)
  to   space 4608K, 0% used [0x00000000ecd80000,0x00000000ecd80000,0x00000000ed200000)
 ParOldGen       total 129536K, used 9212K [0x00000000c0000000, 0x00000000c7e80000, 0x00000000eab00000)
  object space 129536K, 7% used [0x00000000c0000000,0x00000000c08ff110,0x00000000c7e80000)
 Metaspace       used 6039K, capacity 7000K, committed 7168K, reserved 1056768K
  class space    used 614K, capacity 656K, committed 768K, reserved 1048576K
Event: 5.217 GC heap after
Heap after GC invocations=14 (full 0):
 PSYoungGen      total 35328K, used 2816K [0x00000000eab00000, 0x00000000ed200000, 0x0000000100000000)
  eden space 30720K, 0% used [0x00000000eab00000,0x00000000eab00000,0x00000000ec900000)
  from space 4608K, 61% used [0x00000000ecd80000,0x00000000ed040000,0x00000000ed200000)
  to   space 4608K, 0% used [0x00000000ec900000,0x00000000ec900000,0x00000000ecd80000)
 ParOldGen       total 129536K, used 11549K [0x00000000c0000000, 0x00000000c7e80000, 0x00000000eab00000)
  object space 129536K, 8% used [0x00000000c0000000,0x00000000c0b47500,0x00000000c7e80000)
 Metaspace       used 6039K, capacity 7000K, committed 7168K, reserved 1056768K
  class space    used 614K, capacity 656K, committed 768K, reserved 1048576K
}
Event: 6.918 GC heap before
{Heap before GC invocations=15 (full 0):
 PSYoungGen      total 35328K, used 33536K [0x00000000eab00000, 0x00000000ed200000, 0x0000000100000000)
  eden space 30720K, 100% used [0x00000000eab00000,0x00000000ec900000,0x00000000ec900000)
  from space 4608K, 61% used [0x00000000ecd80000,0x00000000ed040000,0x00000000ed200000)
  to   space 4608K, 0% used [0x00000000ec900000,0x00000000ec900000,0x00000000ecd80000)
 ParOldGen       total 129536K, used 11549K [0x00000000c0000000, 0x00000000c7e80000, 0x00000000eab00000)
  object space 129536K, 8% used [0x00000000c0000000,0x00000000c0b47500,0x00000000c7e80000)
 Metaspace       used 6044K, capacity 7000K, committed 7168K, reserved 1056768K
  class space    used 614K, capacity 656K, committed 768K, reserved 1048576K
Event: 6.983 GC heap after
Heap after GC invocations=15 (full 0):
 PSYoungGen      total 35328K, used 4256K [0x00000000eab00000, 0x00000000ee500000, 0x0000000100000000)
  eden space 30720K, 0% used [0x00000000eab00000,0x00000000eab00000,0x00000000ec900000)
  from space 4608K, 92% used [0x00000000ec900000,0x00000000ecd28010,0x00000000ecd80000)
  to   space 5120K, 0% used [0x00000000ee000000,0x00000000ee000000,0x00000000ee500000)
 ParOldGen       total 129536K, used 14225K [0x00000000c0000000, 0x00000000c7e80000, 0x00000000eab00000)
  object space 129536K, 10% used [0x00000000c0000000,0x00000000c0de45d0,0x00000000c7e80000)
 Metaspace       used 6044K, capacity 7000K, committed 7168K, reserved 1056768K
  class space    used 614K, capacity 656K, committed 768K, reserved 1048576K
}
Event: 7.467 GC heap before
{Heap before GC invocations=16 (full 0):
 PSYoungGen      total 35328K, used 34976K [0x00000000eab00000, 0x00000000ee500000, 0x0000000100000000)
  eden space 30720K, 100% used [0x00000000eab00000,0x00000000ec900000,0x00000000ec900000)
  from space 4608K, 92% used [0x00000000ec900000,0x00000000ecd28010,0x00000000ecd80000)
  to   space 5120K, 0% used [0x00000000ee000000,0x00000000ee000000,0x00000000ee500000)
 ParOldGen       total 129536K, used 14225K [0x00000000c0000000, 0x00000000c7e80000, 0x00000000eab00000)
  object space 129536K, 10% used [0x00000000c0000000,0x00000000c0de45d0,0x00000000c7e80000)
 Metaspace       used 6056K, capacity 7000K, committed 7168K, reserved 1056768K
  class space    used 614K, capacity 656K, committed 768K, reserved 1048576K
Event: 7.522 GC heap after
Heap after GC invocations=16 (full 0):
 PSYoungGen      total 35840K, used 5010K [0x00000000eab00000, 0x00000000ee500000, 0x0000000100000000)
  eden space 30720K, 0% used [0x00000000eab00000,0x00000000eab00000,0x00000000ec900000)
  from space 5120K, 97% used [0x00000000ee000000,0x00000000ee4e4ab0,0x00000000ee500000)
  to   space 4608K, 0% used [0x00000000ec900000,0x00000000ec900000,0x00000000ecd80000)
 ParOldGen       total 129536K, used 18463K [0x00000000c0000000, 0x00000000c7e80000, 0x00000000eab00000)
  object space 129536K, 14% used [0x00000000c0000000,0x00000000c1207e28,0x00000000c7e80000)
 Metaspace       used 6056K, capacity 7000K, committed 7168K, reserved 1056768K
  class space    used 614K, capacity 656K, committed 768K, reserved 1048576K
}

Deoptimization events (10 events):
Event: 5.357 Thread 0x00000000029e0800 Uncommon trap: reason=bimorphic action=maybe_recompile pc=0x000000000312d914 method=com.android.dx.cf.code.RopperMachine.run(Lcom/android/dx/cf/code/Frame;II)V @ 310
Event: 5.357 Thread 0x00000000029e0800 Uncommon trap: reason=bimorphic action=maybe_recompile pc=0x000000000312d914 method=com.android.dx.cf.code.RopperMachine.run(Lcom/android/dx/cf/code/Frame;II)V @ 310
Event: 5.913 Thread 0x00000000029e0800 Uncommon trap: reason=class_check action=maybe_recompile pc=0x000000000313ed6c method=com.android.dx.rop.code.RegisterSpec.withSimpleType()Lcom/android/dx/rop/code/RegisterSpec; @ 21
Event: 5.915 Thread 0x00000000029e0800 Uncommon trap: reason=unreached action=reinterpret pc=0x0000000002ef5ac0 method=java.util.HashMap.putVal(ILjava/lang/Object;Ljava/lang/Object;ZZ)Ljava/lang/Object; @ 109
Event: 5.936 Thread 0x00000000029e0800 Uncommon trap: reason=class_check action=maybe_recompile pc=0x000000000313ed6c method=com.android.dx.rop.code.RegisterSpec.withSimpleType()Lcom/android/dx/rop/code/RegisterSpec; @ 21
Event: 5.936 Thread 0x00000000029e0800 Uncommon trap: reason=class_check action=maybe_recompile pc=0x000000000313ed6c method=com.android.dx.rop.code.RegisterSpec.withSimpleType()Lcom/android/dx/rop/code/RegisterSpec; @ 21
Event: 6.355 Thread 0x00000000029e0800 Uncommon trap: reason=unreached action=reinterpret pc=0x0000000002f3e460 method=java.util.HashMap.putVal(ILjava/lang/Object;Ljava/lang/Object;ZZ)Ljava/lang/Object; @ 109
Event: 7.003 Thread 0x00000000029e0800 Uncommon trap: reason=bimorphic action=maybe_recompile pc=0x000000000318f3ac method=com.android.dx.ssa.LiteralOpUpgrader.tryReplacingWithConstant(Lcom/android/dx/ssa/NormalSsaInsn;)Z @ 52
Event: 7.048 Thread 0x0000000016eff000 Uncommon trap: reason=unreached action=reinterpret pc=0x0000000002f47f8c method=java.util.HashMap.putVal(ILjava/lang/Object;Ljava/lang/Object;ZZ)Ljava/lang/Object; @ 109
Event: 7.049 Thread 0x0000000016eff000 Uncommon trap: reason=unreached action=reinterpret pc=0x00000000030bc4cc method=java.util.HashMap.putVal(ILjava/lang/Object;Ljava/lang/Object;ZZ)Ljava/lang/Object; @ 109

Internal exceptions (10 events):
Event: 3.669 Thread 0x00000000029e0800 Exception <a 'java/security/PrivilegedActionException'> (0x00000000eab52858) thrown at [D:\re\workspace\8-2-build-windows-amd64-cygwin\jdk8u5\2488\hotspot\src\share\vm\prims\jvm.cpp, line 1248]
Event: 3.670 Thread 0x00000000029e0800 Exception <a 'java/security/PrivilegedActionException'> (0x00000000eab551f8) thrown at [D:\re\workspace\8-2-build-windows-amd64-cygwin\jdk8u5\2488\hotspot\src\share\vm\prims\jvm.cpp, line 1248]
Event: 4.419 Thread 0x0000000016eff000 Exception <a 'java/security/PrivilegedActionException'> (0x00000000eabc1d70) thrown at [D:\re\workspace\8-2-build-windows-amd64-cygwin\jdk8u5\2488\hotspot\src\share\vm\prims\jvm.cpp, line 1248]
Event: 4.420 Thread 0x0000000016eff000 Exception <a 'java/security/PrivilegedActionException'> (0x00000000eabc7820) thrown at [D:\re\workspace\8-2-build-windows-amd64-cygwin\jdk8u5\2488\hotspot\src\share\vm\prims\jvm.cpp, line 1248]
Event: 4.420 Thread 0x0000000016eff000 Exception <a 'java/security/PrivilegedActionException'> (0x00000000eabcd070) thrown at [D:\re\workspace\8-2-build-windows-amd64-cygwin\jdk8u5\2488\hotspot\src\share\vm\prims\jvm.cpp, line 1248]
Event: 4.520 Thread 0x0000000016eff000 Exception <a 'java/lang/ArrayIndexOutOfBoundsException': 18> (0x00000000eb4da828) thrown at [D:\re\workspace\8-2-build-windows-amd64-cygwin\jdk8u5\2488\hotspot\src\share\vm\interpreter\interpreterRuntime.cpp, line 337]
Event: 4.521 Thread 0x0000000016eff000 Exception <a 'java/lang/ArrayIndexOutOfBoundsException'> (0x00000000eb4dc2e0) thrown at [D:\re\workspace\8-2-build-windows-amd64-cygwin\jdk8u5\2488\hotspot\src\share\vm\runtime\sharedRuntime.cpp, line 595]
Event: 4.521 Thread 0x0000000016eff000 Exception <a 'java/lang/ArrayIndexOutOfBoundsException'> (0x00000000eb4dd4f8) thrown at [D:\re\workspace\8-2-build-windows-amd64-cygwin\jdk8u5\2488\hotspot\src\share\vm\runtime\sharedRuntime.cpp, line 595]
Event: 4.596 Thread 0x00000000029e0800 Exception <a 'java/security/PrivilegedActionException'> (0x00000000ebd49dc8) thrown at [D:\re\workspace\8-2-build-windows-amd64-cygwin\jdk8u5\2488\hotspot\src\share\vm\prims\jvm.cpp, line 1248]
Event: 4.597 Thread 0x00000000029e0800 Exception <a 'java/security/PrivilegedActionException'> (0x00000000ebd4c608) thrown at [D:\re\workspace\8-2-build-windows-amd64-cygwin\jdk8u5\2488\hotspot\src\share\vm\prims\jvm.cpp, line 1248]

Events (10 events):
Event: 7.048 Thread 0x0000000016eff000 DEOPT UNPACKING pc=0x0000000002b273ef sp=0x0000000017d1e2e8 mode 2
Event: 7.049 Thread 0x0000000016eff000 Uncommon trap: trap_request=0xffffffad fr.pc=0x00000000030bc4cc
Event: 7.049 Thread 0x0000000016eff000 DEOPT PACKING pc=0x00000000030bc4cc sp=0x0000000017d1e5b0
Event: 7.049 Thread 0x0000000016eff000 DEOPT UNPACKING pc=0x0000000002b273ef sp=0x0000000017d1e530 mode 2
Event: 7.096 Thread 0x0000000016eec800 DEOPT PACKING pc=0x0000000002f7356f sp=0x000000001791e750
Event: 7.096 Thread 0x0000000016eec800 DEOPT UNPACKING pc=0x0000000002b27204 sp=0x000000001791e580 mode 0
Event: 7.152 Executing VM operation: ParallelGCFailedAllocation
Event: 7.522 Executing VM operation: ParallelGCFailedAllocation done
Event: 7.532 Thread 0x0000000016e8c000 DEOPT PACKING pc=0x0000000002f1093a sp=0x0000000017b1eb30
Event: 7.532 Thread 0x0000000016e8c000 DEOPT UNPACKING pc=0x0000000002b27204 sp=0x0000000017b1e820 mode 0


Dynamic libraries:
0x00007ff77d940000 - 0x00007ff77d974000 	C:\Program Files\Java\jdk1.8.0_05\bin\java.exe
0x00007ff942cd0000 - 0x00007ff942e7a000 	C:\Windows\SYSTEM32\ntdll.dll
0x00007ff940b20000 - 0x00007ff940c5a000 	C:\Windows\system32\KERNEL32.DLL
0x00007ff940440000 - 0x00007ff940550000 	C:\Windows\system32\KERNELBASE.dll
0x00007ff93e9a0000 - 0x00007ff93ea28000 	C:\Windows\system32\apphelp.dll
0x00007ff931330000 - 0x00007ff93137f000 	C:\Windows\AppPatch\AppPatch64\AcGenral.DLL
0x00007ff9428d0000 - 0x00007ff942977000 	C:\Windows\system32\msvcrt.dll
0x00007ff93fe80000 - 0x00007ff93feab000 	C:\Windows\SYSTEM32\SspiCli.dll
0x00007ff941290000 - 0x00007ff9412e1000 	C:\Windows\system32\SHLWAPI.dll
0x00007ff940ec0000 - 0x00007ff941031000 	C:\Windows\system32\USER32.dll
0x00007ff940c60000 - 0x00007ff940dd8000 	C:\Windows\system32\ole32.dll
0x00007ff941360000 - 0x00007ff942777000 	C:\Windows\system32\SHELL32.dll
0x00007ff93f650000 - 0x00007ff93f66f000 	C:\Windows\SYSTEM32\USERENV.dll
0x00007ff940550000 - 0x00007ff9405f5000 	C:\Windows\system32\ADVAPI32.dll
0x00007ff9387e0000 - 0x00007ff9387fb000 	C:\Windows\SYSTEM32\MPR.dll
0x00007ff940840000 - 0x00007ff940976000 	C:\Windows\system32\RPCRT4.dll
0x00007ff942c70000 - 0x00007ff942cc7000 	C:\Windows\SYSTEM32\sechost.dll
0x00007ff9429e0000 - 0x00007ff942bb6000 	C:\Windows\SYSTEM32\combase.dll
0x00007ff9406a0000 - 0x00007ff9407e5000 	C:\Windows\system32\GDI32.dll
0x00007ff940040000 - 0x00007ff940054000 	C:\Windows\SYSTEM32\profapi.dll
0x00007ff93e900000 - 0x00007ff93e99f000 	C:\Windows\SYSTEM32\SHCORE.dll
0x00007ff940800000 - 0x00007ff940834000 	C:\Windows\system32\IMM32.DLL
0x00007ff942780000 - 0x00007ff9428b9000 	C:\Windows\system32\MSCTF.dll
0x00000000510e0000 - 0x0000000051169000 	C:\Windows\System32\SYSFER.DLL
0x00007ff93e090000 - 0x00007ff93e2ea000 	C:\Windows\WinSxS\amd64_microsoft.windows.common-controls_6595b64144ccf1df_6.0.9600.17031_none_6242a4b3ecbb55a1\COMCTL32.dll
0x0000000076e10000 - 0x0000000076ee2000 	C:\Program Files\Java\jdk1.8.0_05\jre\bin\msvcr100.dll
0x0000000077320000 - 0x0000000077b4a000 	C:\Program Files\Java\jdk1.8.0_05\jre\bin\server\jvm.dll
0x00007ff929de0000 - 0x00007ff929de9000 	C:\Windows\SYSTEM32\WSOCK32.dll
0x00007ff93c810000 - 0x00007ff93c82f000 	C:\Windows\SYSTEM32\WINMM.dll
0x00007ff941350000 - 0x00007ff941357000 	C:\Windows\system32\PSAPI.DLL
0x00007ff942980000 - 0x00007ff9429d8000 	C:\Windows\system32\WS2_32.dll
0x00007ff93c7d0000 - 0x00007ff93c7fa000 	C:\Windows\SYSTEM32\WINMMBASE.dll
0x00007ff941280000 - 0x00007ff941289000 	C:\Windows\system32\NSI.dll
0x00007ff940110000 - 0x00007ff94015a000 	C:\Windows\SYSTEM32\cfgmgr32.dll
0x00007ff93eed0000 - 0x00007ff93eef6000 	C:\Windows\SYSTEM32\DEVOBJ.dll
0x00000000500d0000 - 0x00000000500df000 	C:\Program Files\Java\jdk1.8.0_05\jre\bin\verify.dll
0x00000000500a0000 - 0x00000000500c8000 	C:\Program Files\Java\jdk1.8.0_05\jre\bin\java.dll
0x0000000050020000 - 0x0000000050036000 	C:\Program Files\Java\jdk1.8.0_05\jre\bin\zip.dll

VM Arguments:
jvm_args: -Djava.awt.headless=true -Xmx1024M -Dfile.encoding=windows-1252 -Duser.country=US -Duser.language=en -Duser.variant 
java_command: com.android.dx.command.Main --dex --force-jumbo --num-threads=4 --output C:\Users\r.desouki\Fieldium\app\build\intermediates\pre-dexed\debug\com.android.support-recyclerview-v7-25.0.1_1aa0a88679fc5c05944c7de79633c8b77d6b50cc.jar C:\Users\r.desouki\Fieldium\app\build\intermediates\exploded-aar\com.android.support\recyclerview-v7\25.0.1\jars\classes.jar
java_class_path (initial): C:\Users\r.desouki\AppData\Local\Android\sdk\build-tools\23.0.3\lib\dx.jar
Launcher Type: SUN_STANDARD

Environment Variables:
JAVA_HOME=C:\Program Files\Java\jdk1.8.0_05
PATH=C:\ProgramData\Oracle\Java\javapath;C:\Program Files (x86)\NVIDIA Corporation\PhysX\Common;C:\Windows\system32;C:\Windows;C:\Windows\System32\Wbem;C:\Windows\System32\WindowsPowerShell\v1.0\;C:\Program Files (x86)\Skype\Phone\;C:\Program Files (x86)\Common Files\Acronis\SnapAPI\;C:\Program Files (x86)\Microsoft SQL Server\100\Tools\Binn\;C:\Program Files\Microsoft SQL Server\100\Tools\Binn\;C:\Program Files\Microsoft SQL Server\100\DTS\Binn\;C:\Program Files (x86)\Microsoft SQL Server\100\Tools\Binn\VSShell\Common7\IDE\;C:\Program Files (x86)\Microsoft SQL Server\100\DTS\Binn\;C:\Program Files\nodejs\;C:\Program Files\OpenVPN\bin;C:\Program Files\Git\cmd;C:\wamp\bin\php\php5.5.12;C:\ProgramData\ComposerSetup\bin;D:\HashiCorp\Vagrant\bin;C:\Users\r.desouki\AppData\Roaming\npm
USERNAME=r.desouki
OS=Windows_NT
PROCESSOR_IDENTIFIER=Intel64 Family 6 Model 30 Stepping 5, GenuineIntel



---------------  S Y S T E M  ---------------

OS: Windows 8.1 , 64 bit Build 9600 

CPU:total 4 (4 cores per cpu, 1 threads per core) family 6 model 30 stepping 5, cmov, cx8, fxsr, mmx, sse, sse2, sse3, ssse3, sse4.1, sse4.2, popcnt, tsc, tscinvbit

Memory: 4k page, physical 8379632k(742888k free), swap 11525360k(2740k free)

vm_info: Java HotSpot(TM) 64-Bit Server VM (25.5-b02) for windows-amd64 JRE (1.8.0_05-b13), built on Mar 18 2014 01:08:39 by "java_re" with MS VC++ 10.0 (VS2010)

time: Sun Feb 19 15:13:40 2017
elapsed time: 7 seconds

